#
# There is insufficient memory for the Java Runtime Environment to continue.
# Native memory allocation (malloc) failed to allocate 1016816 bytes for Chunk::new
# Possible reasons:
#   The system is out of physical RAM or swap space
#   The process is running with CompressedOops enabled, and the Java Heap may be blocking the growth of the native heap
# Possible solutions:
#   Reduce memory load on the system
#   Increase physical memory or swap space
#   Check if swap backing store is full
#   Decrease Java heap size (-Xmx/-Xms)
#   Decrease number of Java threads
#   Decrease Java thread stack sizes (-Xss)
#   Set larger code cache with -XX:ReservedCodeCacheSize=
#   JVM is running with Unscaled Compressed Oops mode in which the Java heap is
#     placed in the first 4GB address space. The Java Heap base address is the
#     maximum limit for the native heap growth. Please use -XX:HeapBaseMinAddress
#     to set the Java Heap base and to place the Java Heap above 4GB virtual address.
# This output file may be truncated or incomplete.
#
#  Out of Memory Error (./src/hotspot/share/memory/arena.cpp:197), pid=1672, tid=13704
#
# JRE version: OpenJDK Runtime Environment (11.0.12+7) (build 11.0.12+7-b1504.28-7817840)
# Java VM: OpenJDK 64-Bit Server VM (11.0.12+7-b1504.28-7817840, mixed mode, tiered, compressed oops, g1 gc, windows-amd64)
# No core dump will be written. Minidumps are not enabled by default on client versions of Windows
#

---------------  S U M M A R Y ------------

Command Line: --add-opens=java.base/java.util=ALL-UNNAMED --add-opens=java.base/java.lang=ALL-UNNAMED --add-opens=java.base/java.lang.invoke=ALL-UNNAMED --add-opens=java.base/java.util=ALL-UNNAMED --add-opens=java.prefs/java.util.prefs=ALL-UNNAMED --add-opens=java.prefs/java.util.prefs=ALL-UNNAMED --add-opens=java.base/java.nio.charset=ALL-UNNAMED --add-opens=java.base/java.net=ALL-UNNAMED --add-opens=java.base/java.util.concurrent.atomic=ALL-UNNAMED -Xmx2048m -Dfile.encoding=UTF-8 -Duser.country=US -Duser.language=en -Duser.variant org.gradle.launcher.daemon.bootstrap.GradleDaemon 7.3.3

Host: Intel(R) Core(TM) i7-8750H CPU @ 2.20GHz, 12 cores, 15G,  Windows 10 , 64 bit Build 19041 (10.0.19041.1806)
Time: Mon Aug  1 00:00:11 2022 Turkey Standard Time elapsed time: 233.074593 seconds (0d 0h 3m 53s)

---------------  T H R E A D  ---------------

Current thread (0x00000186008ce800):  JavaThread "C2 CompilerThread0" daemon [_thread_in_native, id=13704, stack(0x0000003c0d600000,0x0000003c0d700000)]


Current CompileTask:
C2: 233074 20515       4       java.lang.Module::implIsExportedOrOpen (92 bytes)

Stack: [0x0000003c0d600000,0x0000003c0d700000]
Native frames: (J=compiled Java code, j=interpreted, Vv=VM code, C=native code)
V  [jvm.dll+0x5fbcea]
V  [jvm.dll+0x731905]
V  [jvm.dll+0x732f1d]
V  [jvm.dll+0x7335d3]
V  [jvm.dll+0x247bf8]
V  [jvm.dll+0xc018c]
V  [jvm.dll+0xc06cc]
V  [jvm.dll+0x35b2db]
V  [jvm.dll+0x328803]
V  [jvm.dll+0x327cfa]
V  [jvm.dll+0x200602]
V  [jvm.dll+0x1ff794]
V  [jvm.dll+0x18868c]
V  [jvm.dll+0x20e0d7]
V  [jvm.dll+0x20c901]
V  [jvm.dll+0x6f9b7f]
V  [jvm.dll+0x6f26a5]
V  [jvm.dll+0x5fabf6]
C  [ucrtbase.dll+0x21bb2]
C  [KERNEL32.DLL+0x17034]
C  [ntdll.dll+0x52651]


---------------  P R O C E S S  ---------------

Threads class SMR info:
_java_thread_list=0x000001860b574040, length=58, elements={
0x0000018664c4c000, 0x000001860085f800, 0x000001860086a800, 0x0000018600886800,
0x0000018600888000, 0x000001860088b000, 0x00000186008ce800, 0x00000186008d3000,
0x00000186008d6000, 0x0000018600a48000, 0x00000186025fa800, 0x0000018600c2c800,
0x0000018600b06000, 0x0000018602ecf800, 0x0000018602ece800, 0x0000018602ecd800,
0x0000018602ed0000, 0x0000018602ecb000, 0x0000018603606800, 0x000001860360a800,
0x0000018603605800, 0x0000018603609800, 0x00000186044d8000, 0x00000186075ba800,
0x00000186075bd800, 0x00000186075b8000, 0x00000186075be800, 0x00000186075c1000,
0x00000186075bf000, 0x00000186075c3800, 0x00000186075c0000, 0x00000186075c1800,
0x00000186075c2800, 0x0000018601c6e800, 0x000001860b282000, 0x000001860b28c800,
0x000001860b290000, 0x000001860b28b000, 0x000001860b28e000, 0x000001860d64a000,
0x000001860d64d800, 0x000001860d64e000, 0x000001860d654800, 0x000001860d653000,
0x000001860d650000, 0x000001860d64f000, 0x000001860d655800, 0x0000018609497800,
0x000001860d089800, 0x000001860d08c000, 0x000001860d087000, 0x00000186075b7000,
0x0000018601c74000, 0x0000018601c73800, 0x0000018601c71800, 0x0000018601c70000,
0x0000018601c6f000, 0x0000018601c71000
}

Java Threads: ( => current thread )
  0x0000018664c4c000 JavaThread "main" [_thread_blocked, id=9560, stack(0x0000003c0ca00000,0x0000003c0cb00000)]
  0x000001860085f800 JavaThread "Reference Handler" daemon [_thread_blocked, id=5196, stack(0x0000003c0d100000,0x0000003c0d200000)]
  0x000001860086a800 JavaThread "Finalizer" daemon [_thread_blocked, id=5592, stack(0x0000003c0d200000,0x0000003c0d300000)]
  0x0000018600886800 JavaThread "Signal Dispatcher" daemon [_thread_blocked, id=20896, stack(0x0000003c0d300000,0x0000003c0d400000)]
  0x0000018600888000 JavaThread "Attach Listener" daemon [_thread_blocked, id=4860, stack(0x0000003c0d400000,0x0000003c0d500000)]
  0x000001860088b000 JavaThread "Service Thread" daemon [_thread_blocked, id=10916, stack(0x0000003c0d500000,0x0000003c0d600000)]
=>0x00000186008ce800 JavaThread "C2 CompilerThread0" daemon [_thread_in_native, id=13704, stack(0x0000003c0d600000,0x0000003c0d700000)]
  0x00000186008d3000 JavaThread "C1 CompilerThread0" daemon [_thread_blocked, id=21584, stack(0x0000003c0d700000,0x0000003c0d800000)]
  0x00000186008d6000 JavaThread "Sweeper thread" daemon [_thread_blocked, id=12044, stack(0x0000003c0d800000,0x0000003c0d900000)]
  0x0000018600a48000 JavaThread "Common-Cleaner" daemon [_thread_blocked, id=13284, stack(0x0000003c0d900000,0x0000003c0da00000)]
  0x00000186025fa800 JavaThread "Daemon health stats" [_thread_blocked, id=10512, stack(0x0000003c0e200000,0x0000003c0e300000)]
  0x0000018600c2c800 JavaThread "Incoming local TCP Connector on port 55638" [_thread_in_native, id=2864, stack(0x0000003c0db00000,0x0000003c0dc00000)]
  0x0000018600b06000 JavaThread "Daemon periodic checks" [_thread_blocked, id=20952, stack(0x0000003c0dc00000,0x0000003c0dd00000)]
  0x0000018602ecf800 JavaThread "Cache worker for journal cache (C:\Users\Bahadir\.gradle\caches\journal-1)" [_thread_blocked, id=2348, stack(0x0000003c0ea00000,0x0000003c0eb00000)]
  0x0000018602ece800 JavaThread "File lock request listener" [_thread_in_native, id=12772, stack(0x0000003c0eb00000,0x0000003c0ec00000)]
  0x0000018602ecd800 JavaThread "Cache worker for file hash cache (C:\Users\Bahadir\.gradle\caches\7.3.3\fileHashes)" [_thread_blocked, id=20640, stack(0x0000003c0ec00000,0x0000003c0ed00000)]
  0x0000018602ed0000 JavaThread "File watcher server" daemon [_thread_in_native, id=20616, stack(0x0000003c0f500000,0x0000003c0f600000)]
  0x0000018602ecb000 JavaThread "File watcher consumer" daemon [_thread_blocked, id=16104, stack(0x0000003c0f600000,0x0000003c0f700000)]
  0x0000018603606800 JavaThread "Cache worker for execution history cache (C:\Users\Bahadir\.gradle\caches\7.3.3\executionHistory)" [_thread_blocked, id=14728, stack(0x0000003c0fb00000,0x0000003c0fc00000)]
  0x000001860360a800 JavaThread "jar transforms" [_thread_blocked, id=22312, stack(0x0000003c0fc00000,0x0000003c0fd00000)]
  0x0000018603605800 JavaThread "Cache worker for file content cache (C:\Users\Bahadir\.gradle\caches\7.3.3\fileContent)" [_thread_blocked, id=6984, stack(0x0000003c0fd00000,0x0000003c0fe00000)]
  0x0000018603609800 JavaThread "jar transforms Thread 2" [_thread_blocked, id=20520, stack(0x0000003c0fe00000,0x0000003c0ff00000)]
  0x00000186044d8000 JavaThread "jar transforms Thread 3" [_thread_blocked, id=20596, stack(0x0000003c10000000,0x0000003c10100000)]
  0x00000186075ba800 JavaThread "jar transforms Thread 4" [_thread_blocked, id=8748, stack(0x0000003c17a00000,0x0000003c17b00000)]
  0x00000186075bd800 JavaThread "jar transforms Thread 5" [_thread_blocked, id=9052, stack(0x0000003c17b00000,0x0000003c17c00000)]
  0x00000186075b8000 JavaThread "jar transforms Thread 6" [_thread_blocked, id=12068, stack(0x0000003c17c00000,0x0000003c17d00000)]
  0x00000186075be800 JavaThread "jar transforms Thread 7" [_thread_blocked, id=20332, stack(0x0000003c17d00000,0x0000003c17e00000)]
  0x00000186075c1000 JavaThread "jar transforms Thread 8" [_thread_blocked, id=2512, stack(0x0000003c17e00000,0x0000003c17f00000)]
  0x00000186075bf000 JavaThread "jar transforms Thread 9" [_thread_blocked, id=8708, stack(0x0000003c17f00000,0x0000003c18000000)]
  0x00000186075c3800 JavaThread "jar transforms Thread 10" [_thread_blocked, id=22676, stack(0x0000003c18000000,0x0000003c18100000)]
  0x00000186075c0000 JavaThread "jar transforms Thread 11" [_thread_blocked, id=1992, stack(0x0000003c18100000,0x0000003c18200000)]
  0x00000186075c1800 JavaThread "jar transforms Thread 12" [_thread_blocked, id=3864, stack(0x0000003c18200000,0x0000003c18300000)]
  0x00000186075c2800 JavaThread "Memory manager" [_thread_blocked, id=20088, stack(0x0000003c18500000,0x0000003c18600000)]
  0x0000018601c6e800 JavaThread "pool-3-thread-1" [_thread_blocked, id=12988, stack(0x0000003c18700000,0x0000003c18800000)]
  0x000001860b282000 JavaThread "RMI Scheduler(0)" daemon [_thread_blocked, id=2976, stack(0x0000003c0f300000,0x0000003c0f400000)]
  0x000001860b28c800 JavaThread "RMI GC Daemon" daemon [_thread_blocked, id=19852, stack(0x0000003c19600000,0x0000003c19700000)]
  0x000001860b290000 JavaThread "RMI TCP Accept-0" daemon [_thread_in_native, id=18700, stack(0x0000003c19700000,0x0000003c19800000)]
  0x000001860b28b000 JavaThread "RMI Reaper" [_thread_blocked, id=10656, stack(0x0000003c19800000,0x0000003c19900000)]
  0x000001860b28e000 JavaThread "Cache worker for Java compile cache (C:\Users\Bahadir\.gradle\caches\7.3.3\javaCompile)" [_thread_blocked, id=22200, stack(0x0000003c0f900000,0x0000003c0fa00000)]
  0x000001860d64a000 JavaThread "ForkJoinPool.commonPool-worker-23" daemon [_thread_blocked, id=20112, stack(0x0000003c1b700000,0x0000003c1b800000)]
  0x000001860d64d800 JavaThread "ForkJoinPool.commonPool-worker-9" daemon [_thread_blocked, id=12324, stack(0x0000003c1b800000,0x0000003c1b900000)]
  0x000001860d64e000 JavaThread "ForkJoinPool.commonPool-worker-27" daemon [_thread_blocked, id=14228, stack(0x0000003c1ba00000,0x0000003c1bb00000)]
  0x000001860d654800 JavaThread "ForkJoinPool.commonPool-worker-31" daemon [_thread_blocked, id=22796, stack(0x0000003c1bb00000,0x0000003c1bc00000)]
  0x000001860d653000 JavaThread "ForkJoinPool.commonPool-worker-17" daemon [_thread_blocked, id=9188, stack(0x0000003c1bc00000,0x0000003c1bd00000)]
  0x000001860d650000 JavaThread "ForkJoinPool.commonPool-worker-3" daemon [_thread_blocked, id=244, stack(0x0000003c1bd00000,0x0000003c1be00000)]
  0x000001860d64f000 JavaThread "ForkJoinPool.commonPool-worker-21" daemon [_thread_blocked, id=3520, stack(0x0000003c1be00000,0x0000003c1bf00000)]
  0x000001860d655800 JavaThread "ForkJoinPool.commonPool-worker-7" daemon [_thread_blocked, id=8972, stack(0x0000003c1bf00000,0x0000003c1c000000)]
  0x0000018609497800 JavaThread "pool-7-thread-1" [_thread_blocked, id=20860, stack(0x0000003c18c00000,0x0000003c18d00000)]
  0x000001860d089800 JavaThread "pool-10-thread-1" [_thread_blocked, id=428, stack(0x0000003c18900000,0x0000003c18a00000)]
  0x000001860d08c000 JavaThread "Daemon Thread 2" [_thread_blocked, id=15892, stack(0x0000003c0c700000,0x0000003c0c800000)]
  0x000001860d087000 JavaThread "Daemon worker Thread 2" [_thread_in_Java, id=1416, stack(0x0000003c0e300000,0x0000003c0e400000)]
  0x00000186075b7000 JavaThread "pool-13-thread-1" [_thread_blocked, id=23164, stack(0x0000003c18600000,0x0000003c18700000)]
  0x0000018601c74000 JavaThread "Handler for socket connection from /127.0.0.1:55638 to /127.0.0.1:55882" [_thread_in_native, id=17312, stack(0x0000003c0c800000,0x0000003c0c900000)]
  0x0000018601c73800 JavaThread "Cancel handler" [_thread_blocked, id=11404, stack(0x0000003c0c900000,0x0000003c0ca00000)]
  0x0000018601c71800 JavaThread "Asynchronous log dispatcher for DefaultDaemonConnection: socket connection from /127.0.0.1:55638 to /127.0.0.1:55882" [_thread_blocked, id=5916, stack(0x0000003c0e400000,0x0000003c0e500000)]
  0x0000018601c70000 JavaThread "Stdin handler" [_thread_blocked, id=12020, stack(0x0000003c0e500000,0x0000003c0e600000)]
  0x0000018601c6f000 JavaThread "Daemon client event forwarder" [_thread_blocked, id=12672, stack(0x0000003c0e600000,0x0000003c0e700000)]
  0x0000018601c71000 JavaThread "Cache worker for file hash cache (C:\Users\Bahadir\AndroidStudioProjects\TwitterClone\.gradle\7.3.3\fileHashes)" [_thread_blocked, id=21316, stack(0x0000003c0e700000,0x0000003c0e800000)]

Other Threads:
  0x000001860085c000 VMThread "VM Thread" [stack: 0x0000003c0d000000,0x0000003c0d100000] [id=8352]
  0x0000018600a92800 WatcherThread [stack: 0x0000003c0da00000,0x0000003c0db00000] [id=21836]
  0x0000018664c62800 GCTaskThread "GC Thread#0" [stack: 0x0000003c0cb00000,0x0000003c0cc00000] [id=10552]
  0x00000186016bd800 GCTaskThread "GC Thread#1" [stack: 0x0000003c0dd00000,0x0000003c0de00000] [id=17464]
  0x0000018601a53000 GCTaskThread "GC Thread#2" [stack: 0x0000003c0de00000,0x0000003c0df00000] [id=19892]
  0x00000186011c5800 GCTaskThread "GC Thread#3" [stack: 0x0000003c0df00000,0x0000003c0e000000] [id=21148]
  0x00000186011c6800 GCTaskThread "GC Thread#4" [stack: 0x0000003c0e000000,0x0000003c0e100000] [id=20528]
  0x00000186017b9000 GCTaskThread "GC Thread#5" [stack: 0x0000003c0e100000,0x0000003c0e200000] [id=5816]
  0x0000018602dc7800 GCTaskThread "GC Thread#6" [stack: 0x0000003c0ed00000,0x0000003c0ee00000] [id=6124]
  0x00000186037e5800 GCTaskThread "GC Thread#7" [stack: 0x0000003c0ee00000,0x0000003c0ef00000] [id=23072]
  0x000001860382d800 GCTaskThread "GC Thread#8" [stack: 0x0000003c0ef00000,0x0000003c0f000000] [id=4668]
  0x000001860299b000 GCTaskThread "GC Thread#9" [stack: 0x0000003c0f000000,0x0000003c0f100000] [id=8636]
  0x0000018664c98800 ConcurrentGCThread "G1 Main Marker" [stack: 0x0000003c0cc00000,0x0000003c0cd00000] [id=15544]
  0x0000018664c9a800 ConcurrentGCThread "G1 Conc#0" [stack: 0x0000003c0cd00000,0x0000003c0ce00000] [id=9964]
  0x0000018601f48800 ConcurrentGCThread "G1 Conc#1" [stack: 0x0000003c0f100000,0x0000003c0f200000] [id=7980]
  0x00000186027af000 ConcurrentGCThread "G1 Conc#2" [stack: 0x0000003c0f200000,0x0000003c0f300000] [id=3564]
  0x000001867fc0b000 ConcurrentGCThread "G1 Refine#0" [stack: 0x0000003c0ce00000,0x0000003c0cf00000] [id=2364]
  0x0000018608f49800 ConcurrentGCThread "G1 Refine#1" [stack: 0x0000003c18300000,0x0000003c18400000] [id=11568]
  0x0000018607a27000 ConcurrentGCThread "G1 Refine#2" [stack: 0x0000003c18400000,0x0000003c18500000] [id=20540]
  0x000001867fc0c000 ConcurrentGCThread "G1 Young RemSet Sampling" [stack: 0x0000003c0cf00000,0x0000003c0d000000] [id=23308]

Threads with active compile tasks:
C2 CompilerThread0 233131 20515       4       java.lang.Module::implIsExportedOrOpen (92 bytes)

VM state:not at safepoint (normal execution)

VM Mutex/Monitor currently owned by a thread: None

Heap address: 0x0000000080000000, size: 2048 MB, Compressed Oops mode: 32-bit
Narrow klass base: 0x0000000000000000, Narrow klass shift: 3
Compressed class space size: 1073741824 Address: 0x0000000100000000

Heap:
 garbage-first heap   total 260096K, used 172524K [0x0000000080000000, 0x0000000100000000)
  region size 1024K, 39 young (39936K), 9 survivors (9216K)
 Metaspace       used 124699K, capacity 128346K, committed 130688K, reserved 1161216K
  class space    used 15812K, capacity 17150K, committed 18304K, reserved 1048576K
Heap Regions: E=young(eden), S=young(survivor), O=old, HS=humongous(starts), HC=humongous(continues), CS=collection set, F=free, A=archive, TAMS=top-at-mark-start (previous, next)
|   0|0x0000000080000000, 0x0000000080100000, 0x0000000080100000|100%| O|  |TAMS 0x0000000080100000, 0x0000000080000000| Untracked 
|   1|0x0000000080100000, 0x0000000080200000, 0x0000000080200000|100%| O|  |TAMS 0x0000000080200000, 0x0000000080100000| Untracked 
|   2|0x0000000080200000, 0x0000000080300000, 0x0000000080300000|100%| O|  |TAMS 0x0000000080300000, 0x0000000080200000| Untracked 
|   3|0x0000000080300000, 0x0000000080400000, 0x0000000080400000|100%|HS|  |TAMS 0x0000000080400000, 0x0000000080300000| Complete 
|   4|0x0000000080400000, 0x0000000080500000, 0x0000000080500000|100%|HC|  |TAMS 0x0000000080500000, 0x0000000080400000| Complete 
|   5|0x0000000080500000, 0x0000000080600000, 0x0000000080600000|100%|HC|  |TAMS 0x0000000080600000, 0x0000000080500000| Complete 
|   6|0x0000000080600000, 0x0000000080700000, 0x0000000080700000|100%| O|  |TAMS 0x0000000080700000, 0x0000000080600000| Untracked 
|   7|0x0000000080700000, 0x0000000080800000, 0x0000000080800000|100%| O|  |TAMS 0x0000000080800000, 0x0000000080700000| Untracked 
|   8|0x0000000080800000, 0x0000000080900000, 0x0000000080900000|100%| O|  |TAMS 0x0000000080900000, 0x0000000080800000| Untracked 
|   9|0x0000000080900000, 0x0000000080a00000, 0x0000000080a00000|100%| O|  |TAMS 0x0000000080a00000, 0x0000000080900000| Untracked 
|  10|0x0000000080a00000, 0x0000000080b00000, 0x0000000080b00000|100%| O|  |TAMS 0x0000000080b00000, 0x0000000080a00000| Untracked 
|  11|0x0000000080b00000, 0x0000000080c00000, 0x0000000080c00000|100%| O|  |TAMS 0x0000000080c00000, 0x0000000080b00000| Untracked 
|  12|0x0000000080c00000, 0x0000000080d00000, 0x0000000080d00000|100%| O|  |TAMS 0x0000000080d00000, 0x0000000080c00000| Untracked 
|  13|0x0000000080d00000, 0x0000000080e00000, 0x0000000080e00000|100%| O|  |TAMS 0x0000000080e00000, 0x0000000080d00000| Untracked 
|  14|0x0000000080e00000, 0x0000000080f00000, 0x0000000080f00000|100%| O|  |TAMS 0x0000000080f00000, 0x0000000080e00000| Untracked 
|  15|0x0000000080f00000, 0x0000000081000000, 0x0000000081000000|100%| O|  |TAMS 0x0000000081000000, 0x0000000080f00000| Untracked 
|  16|0x0000000081000000, 0x0000000081100000, 0x0000000081100000|100%| O|  |TAMS 0x0000000081100000, 0x0000000081000000| Untracked 
|  17|0x0000000081100000, 0x0000000081200000, 0x0000000081200000|100%|HS|  |TAMS 0x0000000081200000, 0x0000000081100000| Complete 
|  18|0x0000000081200000, 0x0000000081300000, 0x0000000081300000|100%|HS|  |TAMS 0x0000000081300000, 0x0000000081200000| Complete 
|  19|0x0000000081300000, 0x0000000081400000, 0x0000000081400000|100%|HS|  |TAMS 0x0000000081400000, 0x0000000081300000| Complete 
|  20|0x0000000081400000, 0x0000000081500000, 0x0000000081500000|100%|HS|  |TAMS 0x0000000081500000, 0x0000000081400000| Complete 
|  21|0x0000000081500000, 0x0000000081600000, 0x0000000081600000|100%|HC|  |TAMS 0x0000000081600000, 0x0000000081500000| Complete 
|  22|0x0000000081600000, 0x0000000081700000, 0x0000000081700000|100%|HC|  |TAMS 0x0000000081700000, 0x0000000081600000| Complete 
|  23|0x0000000081700000, 0x0000000081800000, 0x0000000081800000|100%|HS|  |TAMS 0x0000000081800000, 0x0000000081700000| Complete 
|  24|0x0000000081800000, 0x0000000081900000, 0x0000000081900000|100%|HC|  |TAMS 0x0000000081900000, 0x0000000081800000| Complete 
|  25|0x0000000081900000, 0x0000000081a00000, 0x0000000081a00000|100%| O|  |TAMS 0x0000000081a00000, 0x0000000081900000| Untracked 
|  26|0x0000000081a00000, 0x0000000081b00000, 0x0000000081b00000|100%| O|  |TAMS 0x0000000081b00000, 0x0000000081a00000| Untracked 
|  27|0x0000000081b00000, 0x0000000081c00000, 0x0000000081c00000|100%| O|  |TAMS 0x0000000081c00000, 0x0000000081b00000| Untracked 
|  28|0x0000000081c00000, 0x0000000081d00000, 0x0000000081d00000|100%| O|  |TAMS 0x0000000081d00000, 0x0000000081c00000| Complete 
|  29|0x0000000081d00000, 0x0000000081e00000, 0x0000000081e00000|100%| O|  |TAMS 0x0000000081e00000, 0x0000000081d00000| Complete 
|  30|0x0000000081e00000, 0x0000000081f00000, 0x0000000081f00000|100%| O|  |TAMS 0x0000000081f00000, 0x0000000081e00000| Untracked 
|  31|0x0000000081f00000, 0x0000000082000000, 0x0000000082000000|100%| O|  |TAMS 0x0000000082000000, 0x0000000081f00000| Untracked 
|  32|0x0000000082000000, 0x0000000082100000, 0x0000000082100000|100%| O|  |TAMS 0x0000000082100000, 0x0000000082000000| Untracked 
|  33|0x0000000082100000, 0x0000000082200000, 0x0000000082200000|100%| O|  |TAMS 0x0000000082200000, 0x0000000082100000| Untracked 
|  34|0x0000000082200000, 0x0000000082300000, 0x0000000082300000|100%| O|  |TAMS 0x0000000082300000, 0x0000000082200000| Complete 
|  35|0x0000000082300000, 0x0000000082400000, 0x0000000082400000|100%| O|  |TAMS 0x0000000082400000, 0x0000000082300000| Complete 
|  36|0x0000000082400000, 0x0000000082500000, 0x0000000082500000|100%| O|  |TAMS 0x0000000082500000, 0x0000000082400000| Untracked 
|  37|0x0000000082500000, 0x0000000082600000, 0x0000000082600000|100%| O|  |TAMS 0x0000000082600000, 0x0000000082500000| Complete 
|  38|0x0000000082600000, 0x0000000082700000, 0x0000000082700000|100%| O|  |TAMS 0x0000000082700000, 0x0000000082600000| Complete 
|  39|0x0000000082700000, 0x0000000082800000, 0x0000000082800000|100%| O|  |TAMS 0x0000000082800000, 0x0000000082700000| Untracked 
|  40|0x0000000082800000, 0x0000000082900000, 0x0000000082900000|100%| O|  |TAMS 0x0000000082900000, 0x0000000082800000| Untracked 
|  41|0x0000000082900000, 0x0000000082a00000, 0x0000000082a00000|100%| O|  |TAMS 0x0000000082a00000, 0x0000000082900000| Untracked 
|  42|0x0000000082a00000, 0x0000000082b00000, 0x0000000082b00000|100%| O|  |TAMS 0x0000000082b00000, 0x0000000082a00000| Untracked 
|  43|0x0000000082b00000, 0x0000000082c00000, 0x0000000082c00000|100%| O|  |TAMS 0x0000000082c00000, 0x0000000082b00000| Untracked 
|  44|0x0000000082c00000, 0x0000000082d00000, 0x0000000082d00000|100%| O|  |TAMS 0x0000000082d00000, 0x0000000082c00000| Untracked 
|  45|0x0000000082d00000, 0x0000000082e00000, 0x0000000082e00000|100%| O|  |TAMS 0x0000000082e00000, 0x0000000082d00000| Untracked 
|  46|0x0000000082e00000, 0x0000000082f00000, 0x0000000082f00000|100%| O|  |TAMS 0x0000000082f00000, 0x0000000082e00000| Complete 
|  47|0x0000000082f00000, 0x0000000083000000, 0x0000000083000000|100%| O|  |TAMS 0x0000000083000000, 0x0000000082f00000| Untracked 
|  48|0x0000000083000000, 0x0000000083100000, 0x0000000083100000|100%| O|  |TAMS 0x0000000083100000, 0x0000000083000000| Complete 
|  49|0x0000000083100000, 0x0000000083200000, 0x0000000083200000|100%| O|  |TAMS 0x0000000083200000, 0x0000000083100000| Complete 
|  50|0x0000000083200000, 0x0000000083300000, 0x0000000083300000|100%| O|  |TAMS 0x0000000083300000, 0x0000000083200000| Complete 
|  51|0x0000000083300000, 0x0000000083400000, 0x0000000083400000|100%| O|  |TAMS 0x0000000083400000, 0x0000000083300000| Complete 
|  52|0x0000000083400000, 0x0000000083500000, 0x0000000083500000|100%| O|  |TAMS 0x0000000083500000, 0x0000000083400000| Untracked 
|  53|0x0000000083500000, 0x0000000083600000, 0x0000000083600000|100%| O|  |TAMS 0x0000000083600000, 0x0000000083500000| Untracked 
|  54|0x0000000083600000, 0x0000000083700000, 0x0000000083700000|100%| O|  |TAMS 0x0000000083700000, 0x0000000083600000| Complete 
|  55|0x0000000083700000, 0x0000000083800000, 0x0000000083800000|100%| O|  |TAMS 0x0000000083800000, 0x0000000083700000| Untracked 
|  56|0x0000000083800000, 0x0000000083900000, 0x0000000083900000|100%| O|  |TAMS 0x0000000083900000, 0x0000000083800000| Untracked 
|  57|0x0000000083900000, 0x0000000083a00000, 0x0000000083a00000|100%| O|  |TAMS 0x0000000083a00000, 0x0000000083900000| Untracked 
|  58|0x0000000083a00000, 0x0000000083b00000, 0x0000000083b00000|100%| O|  |TAMS 0x0000000083b00000, 0x0000000083a00000| Complete 
|  59|0x0000000083b00000, 0x0000000083c00000, 0x0000000083c00000|100%| O|  |TAMS 0x0000000083c00000, 0x0000000083b00000| Untracked 
|  60|0x0000000083c00000, 0x0000000083d00000, 0x0000000083d00000|100%| O|  |TAMS 0x0000000083d00000, 0x0000000083c00000| Complete 
|  61|0x0000000083d00000, 0x0000000083e00000, 0x0000000083e00000|100%| O|  |TAMS 0x0000000083e00000, 0x0000000083d00000| Complete 
|  62|0x0000000083e00000, 0x0000000083f00000, 0x0000000083f00000|100%| O|  |TAMS 0x0000000083f00000, 0x0000000083e00000| Complete 
|  63|0x0000000083f00000, 0x0000000084000000, 0x0000000084000000|100%| O|  |TAMS 0x0000000084000000, 0x0000000083f00000| Untracked 
|  64|0x0000000084000000, 0x0000000084100000, 0x0000000084100000|100%| O|  |TAMS 0x0000000084100000, 0x0000000084000000| Untracked 
|  65|0x0000000084100000, 0x0000000084200000, 0x0000000084200000|100%| O|  |TAMS 0x0000000084200000, 0x0000000084100000| Untracked 
|  66|0x0000000084200000, 0x0000000084200000, 0x0000000084300000|  0%| F|  |TAMS 0x0000000084200000, 0x0000000084200000| Untracked 
|  67|0x0000000084300000, 0x0000000084400000, 0x0000000084400000|100%| O|  |TAMS 0x0000000084400000, 0x0000000084300000| Complete 
|  68|0x0000000084400000, 0x0000000084500000, 0x0000000084500000|100%| O|  |TAMS 0x0000000084500000, 0x0000000084400000| Untracked 
|  69|0x0000000084500000, 0x0000000084600000, 0x0000000084600000|100%| O|  |TAMS 0x0000000084600000, 0x0000000084500000| Complete 
|  70|0x0000000084600000, 0x0000000084700000, 0x0000000084700000|100%| O|  |TAMS 0x0000000084700000, 0x0000000084600000| Complete 
|  71|0x0000000084700000, 0x0000000084800000, 0x0000000084800000|100%| O|  |TAMS 0x0000000084800000, 0x0000000084700000| Complete 
|  72|0x0000000084800000, 0x0000000084900000, 0x0000000084900000|100%| O|  |TAMS 0x0000000084900000, 0x0000000084800000| Complete 
|  73|0x0000000084900000, 0x0000000084a00000, 0x0000000084a00000|100%| O|  |TAMS 0x0000000084a00000, 0x0000000084900000| Complete 
|  74|0x0000000084a00000, 0x0000000084b00000, 0x0000000084b00000|100%| O|  |TAMS 0x0000000084b00000, 0x0000000084a00000| Complete 
|  75|0x0000000084b00000, 0x0000000084c00000, 0x0000000084c00000|100%| O|  |TAMS 0x0000000084c00000, 0x0000000084b00000| Complete 
|  76|0x0000000084c00000, 0x0000000084d00000, 0x0000000084d00000|100%| O|  |TAMS 0x0000000084d00000, 0x0000000084c00000| Untracked 
|  77|0x0000000084d00000, 0x0000000084e00000, 0x0000000084e00000|100%| O|  |TAMS 0x0000000084e00000, 0x0000000084d00000| Untracked 
|  78|0x0000000084e00000, 0x0000000084f00000, 0x0000000084f00000|100%| O|  |TAMS 0x0000000084f00000, 0x0000000084e00000| Complete 
|  79|0x0000000084f00000, 0x0000000084f00000, 0x0000000085000000|  0%| F|  |TAMS 0x0000000084f00000, 0x0000000084f00000| Untracked 
|  80|0x0000000085000000, 0x0000000085100000, 0x0000000085100000|100%| O|  |TAMS 0x0000000085100000, 0x0000000085000000| Complete 
|  81|0x0000000085100000, 0x0000000085200000, 0x0000000085200000|100%| O|  |TAMS 0x0000000085200000, 0x0000000085100000| Untracked 
|  82|0x0000000085200000, 0x00000000852fc800, 0x0000000085300000| 98%| O|  |TAMS 0x00000000852fc800, 0x0000000085200000| Untracked 
|  83|0x0000000085300000, 0x0000000085400000, 0x0000000085400000|100%| O|  |TAMS 0x0000000085400000, 0x0000000085300000| Complete 
|  84|0x0000000085400000, 0x0000000085500000, 0x0000000085500000|100%| O|  |TAMS 0x0000000085500000, 0x0000000085400000| Complete 
|  85|0x0000000085500000, 0x0000000085600000, 0x0000000085600000|100%| O|  |TAMS 0x0000000085600000, 0x0000000085500000| Untracked 
|  86|0x0000000085600000, 0x0000000085700000, 0x0000000085700000|100%| O|  |TAMS 0x0000000085700000, 0x0000000085600000| Complete 
|  87|0x0000000085700000, 0x0000000085800000, 0x0000000085800000|100%| O|  |TAMS 0x0000000085800000, 0x0000000085700000| Untracked 
|  88|0x0000000085800000, 0x0000000085900000, 0x0000000085900000|100%| O|  |TAMS 0x0000000085900000, 0x0000000085800000| Complete 
|  89|0x0000000085900000, 0x0000000085900000, 0x0000000085a00000|  0%| F|  |TAMS 0x0000000085900000, 0x0000000085900000| Untracked 
|  90|0x0000000085a00000, 0x0000000085b00000, 0x0000000085b00000|100%| O|  |TAMS 0x0000000085b00000, 0x0000000085a00000| Complete 
|  91|0x0000000085b00000, 0x0000000085c00000, 0x0000000085c00000|100%| O|  |TAMS 0x0000000085c00000, 0x0000000085b00000| Complete 
|  92|0x0000000085c00000, 0x0000000085d00000, 0x0000000085d00000|100%| O|  |TAMS 0x0000000085d00000, 0x0000000085c00000| Complete 
|  93|0x0000000085d00000, 0x0000000085e00000, 0x0000000085e00000|100%| O|  |TAMS 0x0000000085e00000, 0x0000000085d00000| Complete 
|  94|0x0000000085e00000, 0x0000000085f00000, 0x0000000085f00000|100%| O|  |TAMS 0x0000000085f00000, 0x0000000085e00000| Complete 
|  95|0x0000000085f00000, 0x0000000085f00000, 0x0000000086000000|  0%| F|  |TAMS 0x0000000085f00000, 0x0000000085f00000| Untracked 
|  96|0x0000000086000000, 0x0000000086100000, 0x0000000086100000|100%| O|  |TAMS 0x0000000086100000, 0x0000000086000000| Complete 
|  97|0x0000000086100000, 0x0000000086200000, 0x0000000086200000|100%| O|  |TAMS 0x0000000086200000, 0x0000000086100000| Complete 
|  98|0x0000000086200000, 0x0000000086200000, 0x0000000086300000|  0%| F|  |TAMS 0x0000000086200000, 0x0000000086200000| Untracked 
|  99|0x0000000086300000, 0x0000000086400000, 0x0000000086400000|100%| O|  |TAMS 0x0000000086400000, 0x0000000086300000| Complete 
| 100|0x0000000086400000, 0x0000000086500000, 0x0000000086500000|100%| O|  |TAMS 0x0000000086500000, 0x0000000086400000| Untracked 
| 101|0x0000000086500000, 0x0000000086600000, 0x0000000086600000|100%| O|  |TAMS 0x0000000086600000, 0x0000000086500000| Untracked 
| 102|0x0000000086600000, 0x0000000086700000, 0x0000000086700000|100%| O|  |TAMS 0x0000000086700000, 0x0000000086600000| Complete 
| 103|0x0000000086700000, 0x0000000086700000, 0x0000000086800000|  0%| F|  |TAMS 0x0000000086700000, 0x0000000086700000| Untracked 
| 104|0x0000000086800000, 0x0000000086900000, 0x0000000086900000|100%| O|  |TAMS 0x0000000086900000, 0x0000000086800000| Complete 
| 105|0x0000000086900000, 0x0000000086a00000, 0x0000000086a00000|100%| O|  |TAMS 0x0000000086a00000, 0x0000000086900000| Complete 
| 106|0x0000000086a00000, 0x0000000086b00000, 0x0000000086b00000|100%| O|  |TAMS 0x0000000086b00000, 0x0000000086a00000| Complete 
| 107|0x0000000086b00000, 0x0000000086c00000, 0x0000000086c00000|100%| O|  |TAMS 0x0000000086c00000, 0x0000000086b00000| Complete 
| 108|0x0000000086c00000, 0x0000000086d00000, 0x0000000086d00000|100%| O|  |TAMS 0x0000000086d00000, 0x0000000086c00000| Untracked 
| 109|0x0000000086d00000, 0x0000000086e00000, 0x0000000086e00000|100%| O|  |TAMS 0x0000000086e00000, 0x0000000086d00000| Complete 
| 110|0x0000000086e00000, 0x0000000086f00000, 0x0000000086f00000|100%| O|  |TAMS 0x0000000086f00000, 0x0000000086e00000| Complete 
| 111|0x0000000086f00000, 0x0000000087000000, 0x0000000087000000|100%| O|  |TAMS 0x0000000087000000, 0x0000000086f00000| Complete 
| 112|0x0000000087000000, 0x0000000087100000, 0x0000000087100000|100%| O|  |TAMS 0x0000000087100000, 0x0000000087000000| Untracked 
| 113|0x0000000087100000, 0x0000000087200000, 0x0000000087200000|100%| O|  |TAMS 0x0000000087200000, 0x0000000087100000| Complete 
| 114|0x0000000087200000, 0x0000000087300000, 0x0000000087300000|100%| O|  |TAMS 0x0000000087300000, 0x0000000087200000| Untracked 
| 115|0x0000000087300000, 0x0000000087400000, 0x0000000087400000|100%| O|  |TAMS 0x0000000087400000, 0x0000000087300000| Untracked 
| 116|0x0000000087400000, 0x0000000087400000, 0x0000000087500000|  0%| F|  |TAMS 0x0000000087400000, 0x0000000087400000| Untracked 
| 117|0x0000000087500000, 0x0000000087600000, 0x0000000087600000|100%| O|  |TAMS 0x0000000087600000, 0x0000000087500000| Complete 
| 118|0x0000000087600000, 0x0000000087700000, 0x0000000087700000|100%| O|  |TAMS 0x0000000087700000, 0x0000000087600000| Untracked 
| 119|0x0000000087700000, 0x0000000087800000, 0x0000000087800000|100%| O|  |TAMS 0x0000000087800000, 0x0000000087700000| Untracked 
| 120|0x0000000087800000, 0x0000000087900000, 0x0000000087900000|100%| O|  |TAMS 0x0000000087900000, 0x0000000087800000| Untracked 
| 121|0x0000000087900000, 0x0000000087900000, 0x0000000087a00000|  0%| F|  |TAMS 0x0000000087900000, 0x0000000087900000| Untracked 
| 122|0x0000000087a00000, 0x0000000087a00000, 0x0000000087b00000|  0%| F|  |TAMS 0x0000000087a00000, 0x0000000087a00000| Untracked 
| 123|0x0000000087b00000, 0x0000000087c00000, 0x0000000087c00000|100%| O|  |TAMS 0x0000000087c00000, 0x0000000087b00000| Complete 
| 124|0x0000000087c00000, 0x0000000087c00000, 0x0000000087d00000|  0%| F|  |TAMS 0x0000000087c00000, 0x0000000087c00000| Untracked 
| 125|0x0000000087d00000, 0x0000000087d00000, 0x0000000087e00000|  0%| F|  |TAMS 0x0000000087d00000, 0x0000000087d00000| Untracked 
| 126|0x0000000087e00000, 0x0000000087e00000, 0x0000000087f00000|  0%| F|  |TAMS 0x0000000087e00000, 0x0000000087e00000| Untracked 
| 127|0x0000000087f00000, 0x0000000088000000, 0x0000000088000000|100%| O|  |TAMS 0x0000000088000000, 0x0000000087f00000| Complete 
| 128|0x0000000088000000, 0x0000000088000000, 0x0000000088100000|  0%| F|  |TAMS 0x0000000088000000, 0x0000000088000000| Untracked 
| 129|0x0000000088100000, 0x0000000088100000, 0x0000000088200000|  0%| F|  |TAMS 0x0000000088100000, 0x0000000088100000| Untracked 
| 130|0x0000000088200000, 0x0000000088200000, 0x0000000088300000|  0%| F|  |TAMS 0x0000000088200000, 0x0000000088200000| Untracked 
| 131|0x0000000088300000, 0x0000000088300000, 0x0000000088400000|  0%| F|  |TAMS 0x0000000088300000, 0x0000000088300000| Untracked 
| 132|0x0000000088400000, 0x0000000088400000, 0x0000000088500000|  0%| F|  |TAMS 0x0000000088400000, 0x0000000088400000| Untracked 
| 133|0x0000000088500000, 0x0000000088500000, 0x0000000088600000|  0%| F|  |TAMS 0x0000000088500000, 0x0000000088500000| Untracked 
| 134|0x0000000088600000, 0x0000000088600000, 0x0000000088700000|  0%| F|  |TAMS 0x0000000088600000, 0x0000000088600000| Untracked 
| 135|0x0000000088700000, 0x0000000088800000, 0x0000000088800000|100%| O|  |TAMS 0x0000000088800000, 0x0000000088700000| Complete 
| 136|0x0000000088800000, 0x0000000088800000, 0x0000000088900000|  0%| F|  |TAMS 0x0000000088800000, 0x0000000088800000| Untracked 
| 137|0x0000000088900000, 0x0000000088900000, 0x0000000088a00000|  0%| F|  |TAMS 0x0000000088900000, 0x0000000088900000| Untracked 
| 138|0x0000000088a00000, 0x0000000088b00000, 0x0000000088b00000|100%| O|  |TAMS 0x0000000088b00000, 0x0000000088a00000| Complete 
| 139|0x0000000088b00000, 0x0000000088b00000, 0x0000000088c00000|  0%| F|  |TAMS 0x0000000088b00000, 0x0000000088b00000| Untracked 
| 140|0x0000000088c00000, 0x0000000088c00000, 0x0000000088d00000|  0%| F|  |TAMS 0x0000000088c00000, 0x0000000088c00000| Untracked 
| 141|0x0000000088d00000, 0x0000000088d00000, 0x0000000088e00000|  0%| F|  |TAMS 0x0000000088d00000, 0x0000000088d00000| Untracked 
| 142|0x0000000088e00000, 0x0000000088e00000, 0x0000000088f00000|  0%| F|  |TAMS 0x0000000088e00000, 0x0000000088e00000| Untracked 
| 143|0x0000000088f00000, 0x0000000088f00000, 0x0000000089000000|  0%| F|  |TAMS 0x0000000088f00000, 0x0000000088f00000| Untracked 
| 144|0x0000000089000000, 0x0000000089000000, 0x0000000089100000|  0%| F|  |TAMS 0x0000000089000000, 0x0000000089000000| Untracked 
| 145|0x0000000089100000, 0x0000000089100000, 0x0000000089200000|  0%| F|  |TAMS 0x0000000089100000, 0x0000000089100000| Untracked 
| 146|0x0000000089200000, 0x0000000089200000, 0x0000000089300000|  0%| F|  |TAMS 0x0000000089200000, 0x0000000089200000| Untracked 
| 147|0x0000000089300000, 0x0000000089400000, 0x0000000089400000|100%| O|  |TAMS 0x0000000089400000, 0x0000000089300000| Complete 
| 148|0x0000000089400000, 0x0000000089500000, 0x0000000089500000|100%| O|  |TAMS 0x0000000089500000, 0x0000000089400000| Complete 
| 149|0x0000000089500000, 0x0000000089600000, 0x0000000089600000|100%| O|  |TAMS 0x0000000089600000, 0x0000000089500000| Untracked 
| 150|0x0000000089600000, 0x0000000089700000, 0x0000000089700000|100%| O|  |TAMS 0x0000000089700000, 0x0000000089600000| Complete 
| 151|0x0000000089700000, 0x0000000089800000, 0x0000000089800000|100%| O|  |TAMS 0x0000000089800000, 0x0000000089700000| Complete 
| 152|0x0000000089800000, 0x0000000089900000, 0x0000000089900000|100%| O|  |TAMS 0x0000000089900000, 0x0000000089800000| Complete 
| 153|0x0000000089900000, 0x0000000089a00000, 0x0000000089a00000|100%| O|  |TAMS 0x0000000089a00000, 0x0000000089900000| Complete 
| 154|0x0000000089a00000, 0x0000000089b00000, 0x0000000089b00000|100%| O|  |TAMS 0x0000000089b00000, 0x0000000089a00000| Complete 
| 155|0x0000000089b00000, 0x0000000089c00000, 0x0000000089c00000|100%| O|  |TAMS 0x0000000089c00000, 0x0000000089b00000| Complete 
| 156|0x0000000089c00000, 0x0000000089d00000, 0x0000000089d00000|100%| O|  |TAMS 0x0000000089d00000, 0x0000000089c00000| Complete 
| 157|0x0000000089d00000, 0x0000000089e00000, 0x0000000089e00000|100%| O|  |TAMS 0x0000000089e00000, 0x0000000089d00000| Untracked 
| 158|0x0000000089e00000, 0x0000000089f00000, 0x0000000089f00000|100%| O|  |TAMS 0x0000000089f00000, 0x0000000089e00000| Untracked 
| 159|0x0000000089f00000, 0x000000008a000000, 0x000000008a000000|100%| O|  |TAMS 0x000000008a000000, 0x0000000089f00000| Complete 
| 160|0x000000008a000000, 0x000000008a000000, 0x000000008a100000|  0%| F|  |TAMS 0x000000008a000000, 0x000000008a000000| Untracked 
| 161|0x000000008a100000, 0x000000008a200000, 0x000000008a200000|100%| O|  |TAMS 0x000000008a200000, 0x000000008a100000| Complete 
| 162|0x000000008a200000, 0x000000008a200000, 0x000000008a300000|  0%| F|  |TAMS 0x000000008a200000, 0x000000008a200000| Untracked 
| 163|0x000000008a300000, 0x000000008a300000, 0x000000008a400000|  0%| F|  |TAMS 0x000000008a300000, 0x000000008a300000| Untracked 
| 164|0x000000008a400000, 0x000000008a400000, 0x000000008a500000|  0%| F|  |TAMS 0x000000008a400000, 0x000000008a400000| Untracked 
| 165|0x000000008a500000, 0x000000008a500000, 0x000000008a600000|  0%| F|  |TAMS 0x000000008a500000, 0x000000008a500000| Untracked 
| 166|0x000000008a600000, 0x000000008a600000, 0x000000008a700000|  0%| F|  |TAMS 0x000000008a600000, 0x000000008a600000| Untracked 
| 167|0x000000008a700000, 0x000000008a700000, 0x000000008a800000|  0%| F|  |TAMS 0x000000008a700000, 0x000000008a700000| Untracked 
| 168|0x000000008a800000, 0x000000008a800000, 0x000000008a900000|  0%| F|  |TAMS 0x000000008a800000, 0x000000008a800000| Untracked 
| 169|0x000000008a900000, 0x000000008a97ebd0, 0x000000008aa00000| 49%| S|CS|TAMS 0x000000008a900000, 0x000000008a900000| Complete 
| 170|0x000000008aa00000, 0x000000008ab00000, 0x000000008ab00000|100%| S|CS|TAMS 0x000000008aa00000, 0x000000008aa00000| Complete 
| 171|0x000000008ab00000, 0x000000008ac00000, 0x000000008ac00000|100%| S|CS|TAMS 0x000000008ab00000, 0x000000008ab00000| Complete 
| 172|0x000000008ac00000, 0x000000008ad00000, 0x000000008ad00000|100%| S|CS|TAMS 0x000000008ac00000, 0x000000008ac00000| Complete 
| 173|0x000000008ad00000, 0x000000008ae00000, 0x000000008ae00000|100%| S|CS|TAMS 0x000000008ad00000, 0x000000008ad00000| Complete 
| 174|0x000000008ae00000, 0x000000008af00000, 0x000000008af00000|100%| S|CS|TAMS 0x000000008ae00000, 0x000000008ae00000| Complete 
| 175|0x000000008af00000, 0x000000008b000000, 0x000000008b000000|100%| S|CS|TAMS 0x000000008af00000, 0x000000008af00000| Complete 
| 176|0x000000008b000000, 0x000000008b100000, 0x000000008b100000|100%| S|CS|TAMS 0x000000008b000000, 0x000000008b000000| Complete 
| 177|0x000000008b100000, 0x000000008b200000, 0x000000008b200000|100%| S|CS|TAMS 0x000000008b100000, 0x000000008b100000| Complete 
| 178|0x000000008b200000, 0x000000008b200000, 0x000000008b300000|  0%| F|  |TAMS 0x000000008b200000, 0x000000008b200000| Untracked 
| 179|0x000000008b300000, 0x000000008b300000, 0x000000008b400000|  0%| F|  |TAMS 0x000000008b300000, 0x000000008b300000| Untracked 
| 180|0x000000008b400000, 0x000000008b400000, 0x000000008b500000|  0%| F|  |TAMS 0x000000008b400000, 0x000000008b400000| Untracked 
| 181|0x000000008b500000, 0x000000008b500000, 0x000000008b600000|  0%| F|  |TAMS 0x000000008b500000, 0x000000008b500000| Untracked 
| 182|0x000000008b600000, 0x000000008b600000, 0x000000008b700000|  0%| F|  |TAMS 0x000000008b600000, 0x000000008b600000| Untracked 
| 183|0x000000008b700000, 0x000000008b700000, 0x000000008b800000|  0%| F|  |TAMS 0x000000008b700000, 0x000000008b700000| Untracked 
| 184|0x000000008b800000, 0x000000008b800000, 0x000000008b900000|  0%| F|  |TAMS 0x000000008b800000, 0x000000008b800000| Untracked 
| 185|0x000000008b900000, 0x000000008b900000, 0x000000008ba00000|  0%| F|  |TAMS 0x000000008b900000, 0x000000008b900000| Untracked 
| 186|0x000000008ba00000, 0x000000008ba00000, 0x000000008bb00000|  0%| F|  |TAMS 0x000000008ba00000, 0x000000008ba00000| Untracked 
| 187|0x000000008bb00000, 0x000000008bb00000, 0x000000008bc00000|  0%| F|  |TAMS 0x000000008bb00000, 0x000000008bb00000| Untracked 
| 188|0x000000008bc00000, 0x000000008bc00000, 0x000000008bd00000|  0%| F|  |TAMS 0x000000008bc00000, 0x000000008bc00000| Untracked 
| 189|0x000000008bd00000, 0x000000008bd00000, 0x000000008be00000|  0%| F|  |TAMS 0x000000008bd00000, 0x000000008bd00000| Untracked 
| 190|0x000000008be00000, 0x000000008be00000, 0x000000008bf00000|  0%| F|  |TAMS 0x000000008be00000, 0x000000008be00000| Untracked 
| 191|0x000000008bf00000, 0x000000008bf00000, 0x000000008c000000|  0%| F|  |TAMS 0x000000008bf00000, 0x000000008bf00000| Untracked 
| 192|0x000000008c000000, 0x000000008c000000, 0x000000008c100000|  0%| F|  |TAMS 0x000000008c000000, 0x000000008c000000| Untracked 
| 193|0x000000008c100000, 0x000000008c100000, 0x000000008c200000|  0%| F|  |TAMS 0x000000008c100000, 0x000000008c100000| Untracked 
| 194|0x000000008c200000, 0x000000008c200000, 0x000000008c300000|  0%| F|  |TAMS 0x000000008c200000, 0x000000008c200000| Untracked 
| 195|0x000000008c300000, 0x000000008c300000, 0x000000008c400000|  0%| F|  |TAMS 0x000000008c300000, 0x000000008c300000| Untracked 
| 196|0x000000008c400000, 0x000000008c400000, 0x000000008c500000|  0%| F|  |TAMS 0x000000008c400000, 0x000000008c400000| Untracked 
| 197|0x000000008c500000, 0x000000008c500000, 0x000000008c600000|  0%| F|  |TAMS 0x000000008c500000, 0x000000008c500000| Untracked 
| 198|0x000000008c600000, 0x000000008c600000, 0x000000008c700000|  0%| F|  |TAMS 0x000000008c600000, 0x000000008c600000| Untracked 
| 199|0x000000008c700000, 0x000000008c700000, 0x000000008c800000|  0%| F|  |TAMS 0x000000008c700000, 0x000000008c700000| Untracked 
| 200|0x000000008c800000, 0x000000008c800000, 0x000000008c900000|  0%| F|  |TAMS 0x000000008c800000, 0x000000008c800000| Untracked 
| 201|0x000000008c900000, 0x000000008c900000, 0x000000008ca00000|  0%| F|  |TAMS 0x000000008c900000, 0x000000008c900000| Untracked 
| 202|0x000000008ca00000, 0x000000008ca00000, 0x000000008cb00000|  0%| F|  |TAMS 0x000000008ca00000, 0x000000008ca00000| Untracked 
| 203|0x000000008cb00000, 0x000000008cb00000, 0x000000008cc00000|  0%| F|  |TAMS 0x000000008cb00000, 0x000000008cb00000| Untracked 
| 204|0x000000008cc00000, 0x000000008cc00000, 0x000000008cd00000|  0%| F|  |TAMS 0x000000008cc00000, 0x000000008cc00000| Untracked 
| 205|0x000000008cd00000, 0x000000008cd00000, 0x000000008ce00000|  0%| F|  |TAMS 0x000000008cd00000, 0x000000008cd00000| Untracked 
| 206|0x000000008ce00000, 0x000000008ce00000, 0x000000008cf00000|  0%| F|  |TAMS 0x000000008ce00000, 0x000000008ce00000| Untracked 
| 207|0x000000008cf00000, 0x000000008cf00000, 0x000000008d000000|  0%| F|  |TAMS 0x000000008cf00000, 0x000000008cf00000| Untracked 
| 208|0x000000008d000000, 0x000000008d000000, 0x000000008d100000|  0%| F|  |TAMS 0x000000008d000000, 0x000000008d000000| Untracked 
| 209|0x000000008d100000, 0x000000008d100000, 0x000000008d200000|  0%| F|  |TAMS 0x000000008d100000, 0x000000008d100000| Untracked 
| 210|0x000000008d200000, 0x000000008d200000, 0x000000008d300000|  0%| F|  |TAMS 0x000000008d200000, 0x000000008d200000| Untracked 
| 211|0x000000008d300000, 0x000000008d300000, 0x000000008d400000|  0%| F|  |TAMS 0x000000008d300000, 0x000000008d300000| Untracked 
| 212|0x000000008d400000, 0x000000008d400000, 0x000000008d500000|  0%| F|  |TAMS 0x000000008d400000, 0x000000008d400000| Untracked 
| 213|0x000000008d500000, 0x000000008d500000, 0x000000008d600000|  0%| F|  |TAMS 0x000000008d500000, 0x000000008d500000| Untracked 
| 214|0x000000008d600000, 0x000000008d600000, 0x000000008d700000|  0%| F|  |TAMS 0x000000008d600000, 0x000000008d600000| Untracked 
| 215|0x000000008d700000, 0x000000008d700000, 0x000000008d800000|  0%| F|  |TAMS 0x000000008d700000, 0x000000008d700000| Untracked 
| 216|0x000000008d800000, 0x000000008d800000, 0x000000008d900000|  0%| F|  |TAMS 0x000000008d800000, 0x000000008d800000| Untracked 
| 217|0x000000008d900000, 0x000000008d900000, 0x000000008da00000|  0%| F|  |TAMS 0x000000008d900000, 0x000000008d900000| Untracked 
| 218|0x000000008da00000, 0x000000008da00000, 0x000000008db00000|  0%| F|  |TAMS 0x000000008da00000, 0x000000008da00000| Untracked 
| 219|0x000000008db00000, 0x000000008db00000, 0x000000008dc00000|  0%| F|  |TAMS 0x000000008db00000, 0x000000008db00000| Untracked 
| 220|0x000000008dc00000, 0x000000008dc00000, 0x000000008dd00000|  0%| F|  |TAMS 0x000000008dc00000, 0x000000008dc00000| Untracked 
| 221|0x000000008dd00000, 0x000000008dd00000, 0x000000008de00000|  0%| F|  |TAMS 0x000000008dd00000, 0x000000008dd00000| Untracked 
| 222|0x000000008de00000, 0x000000008de00000, 0x000000008df00000|  0%| F|  |TAMS 0x000000008de00000, 0x000000008de00000| Untracked 
| 223|0x000000008df00000, 0x000000008df00000, 0x000000008e000000|  0%| F|  |TAMS 0x000000008df00000, 0x000000008df00000| Untracked 
| 224|0x000000008e000000, 0x000000008e04e780, 0x000000008e100000| 30%| E|  |TAMS 0x000000008e000000, 0x000000008e000000| Complete 
| 225|0x000000008e100000, 0x000000008e200000, 0x000000008e200000|100%| E|CS|TAMS 0x000000008e100000, 0x000000008e100000| Complete 
| 226|0x000000008e200000, 0x000000008e2ffff8, 0x000000008e300000| 99%| E|CS|TAMS 0x000000008e200000, 0x000000008e200000| Complete 
| 227|0x000000008e300000, 0x000000008e400000, 0x000000008e400000|100%| E|CS|TAMS 0x000000008e300000, 0x000000008e300000| Complete 
| 228|0x000000008e400000, 0x000000008e500000, 0x000000008e500000|100%| E|CS|TAMS 0x000000008e400000, 0x000000008e400000| Complete 
| 229|0x000000008e500000, 0x000000008e600000, 0x000000008e600000|100%| E|CS|TAMS 0x000000008e500000, 0x000000008e500000| Complete 
| 230|0x000000008e600000, 0x000000008e700000, 0x000000008e700000|100%| E|CS|TAMS 0x000000008e600000, 0x000000008e600000| Complete 
| 231|0x000000008e700000, 0x000000008e800000, 0x000000008e800000|100%| E|CS|TAMS 0x000000008e700000, 0x000000008e700000| Complete 
| 232|0x000000008e800000, 0x000000008e900000, 0x000000008e900000|100%| E|CS|TAMS 0x000000008e800000, 0x000000008e800000| Complete 
| 233|0x000000008e900000, 0x000000008ea00000, 0x000000008ea00000|100%| E|CS|TAMS 0x000000008e900000, 0x000000008e900000| Complete 
| 234|0x000000008ea00000, 0x000000008eb00000, 0x000000008eb00000|100%| E|CS|TAMS 0x000000008ea00000, 0x000000008ea00000| Complete 
| 235|0x000000008eb00000, 0x000000008ec00000, 0x000000008ec00000|100%| E|CS|TAMS 0x000000008eb00000, 0x000000008eb00000| Complete 
| 236|0x000000008ec00000, 0x000000008ed00000, 0x000000008ed00000|100%| E|CS|TAMS 0x000000008ec00000, 0x000000008ec00000| Complete 
| 237|0x000000008ed00000, 0x000000008ee00000, 0x000000008ee00000|100%| E|  |TAMS 0x000000008ed00000, 0x000000008ed00000| Complete 
| 238|0x000000008ee00000, 0x000000008ef00000, 0x000000008ef00000|100%| E|CS|TAMS 0x000000008ee00000, 0x000000008ee00000| Complete 
| 239|0x000000008ef00000, 0x000000008f000000, 0x000000008f000000|100%| E|CS|TAMS 0x000000008ef00000, 0x000000008ef00000| Complete 
| 240|0x000000008f000000, 0x000000008f100000, 0x000000008f100000|100%| E|CS|TAMS 0x000000008f000000, 0x000000008f000000| Complete 
| 241|0x000000008f100000, 0x000000008f200000, 0x000000008f200000|100%| E|CS|TAMS 0x000000008f100000, 0x000000008f100000| Complete 
| 242|0x000000008f200000, 0x000000008f300000, 0x000000008f300000|100%| E|CS|TAMS 0x000000008f200000, 0x000000008f200000| Complete 
| 243|0x000000008f300000, 0x000000008f400000, 0x000000008f400000|100%| E|CS|TAMS 0x000000008f300000, 0x000000008f300000| Complete 
| 244|0x000000008f400000, 0x000000008f500000, 0x000000008f500000|100%| E|CS|TAMS 0x000000008f400000, 0x000000008f400000| Complete 
| 245|0x000000008f500000, 0x000000008f600000, 0x000000008f600000|100%| E|CS|TAMS 0x000000008f500000, 0x000000008f500000| Complete 
| 246|0x000000008f600000, 0x000000008f700000, 0x000000008f700000|100%| E|CS|TAMS 0x000000008f600000, 0x000000008f600000| Complete 
| 247|0x000000008f700000, 0x000000008f800000, 0x000000008f800000|100%| E|CS|TAMS 0x000000008f700000, 0x000000008f700000| Complete 
| 248|0x000000008f800000, 0x000000008f900000, 0x000000008f900000|100%| E|CS|TAMS 0x000000008f800000, 0x000000008f800000| Complete 
| 249|0x000000008f900000, 0x000000008fa00000, 0x000000008fa00000|100%| E|CS|TAMS 0x000000008f900000, 0x000000008f900000| Complete 
| 250|0x000000008fa00000, 0x000000008fb00000, 0x000000008fb00000|100%| E|CS|TAMS 0x000000008fa00000, 0x000000008fa00000| Complete 
| 251|0x000000008fb00000, 0x000000008fc00000, 0x000000008fc00000|100%| E|CS|TAMS 0x000000008fb00000, 0x000000008fb00000| Complete 
| 252|0x000000008fc00000, 0x000000008fd00000, 0x000000008fd00000|100%| E|CS|TAMS 0x000000008fc00000, 0x000000008fc00000| Complete 
| 253|0x000000008fd00000, 0x000000008fe00000, 0x000000008fe00000|100%| E|CS|TAMS 0x000000008fd00000, 0x000000008fd00000| Complete 

Card table byte_map: [0x0000018678800000,0x0000018678c00000] _byte_map_base: 0x0000018678400000

Marking Bits (Prev, Next): (CMBitMap*) 0x0000018664c8f8d8, (CMBitMap*) 0x0000018664c8f910
 Prev Bits: [0x0000018679000000, 0x000001867b000000)
 Next Bits: [0x000001867b000000, 0x000001867d000000)

Polling page: 0x0000018663400000

Metaspace:

Usage:
  Non-class:    108.59 MB capacity,   106.33 MB ( 98%) used,     1.83 MB (  2%) free+waste,   439.38 KB ( <1%) overhead. 
      Class:     16.75 MB capacity,    15.44 MB ( 92%) used,     1.12 MB (  7%) free+waste,   195.06 KB (  1%) overhead. 
       Both:    125.34 MB capacity,   121.78 MB ( 97%) used,     2.94 MB (  2%) free+waste,   634.44 KB ( <1%) overhead. 

Virtual space:
  Non-class space:      110.00 MB reserved,     109.75 MB (>99%) committed 
      Class space:        1.00 GB reserved,      17.88 MB (  2%) committed 
             Both:        1.11 GB reserved,     127.63 MB ( 11%) committed 

Chunk freelists:
   Non-Class:  1.16 MB
       Class:  1.10 MB
        Both:  2.26 MB

MaxMetaspaceSize: 17179869184.00 GB
CompressedClassSpaceSize: 1.00 GB
Initial GC threshold: 20.80 MB
Current GC threshold: 212.71 MB
CDS: off

CodeHeap 'non-profiled nmethods': size=120000Kb used=12543Kb max_used=12642Kb free=107456Kb
 bounds [0x0000018670240000, 0x0000018670ea0000, 0x0000018677770000]
CodeHeap 'profiled nmethods': size=120000Kb used=39048Kb max_used=40274Kb free=80951Kb
 bounds [0x0000018668d10000, 0x000001866b470000, 0x0000018670240000]
CodeHeap 'non-nmethods': size=5760Kb used=2468Kb max_used=2529Kb free=3291Kb
 bounds [0x0000018668770000, 0x0000018668a00000, 0x0000018668d10000]
 total_blobs=20117 nmethods=19111 adapters=916
 compilation: enabled
              stopped_count=0, restarted_count=0
 full_count=0

Compilation events (20 events):
Event: 232.964 Thread 0x00000186008d3000 nmethod 20511 0x000001866922b790 code [0x000001866922b980, 0x000001866922bdf8]
Event: 232.977 Thread 0x00000186008d3000 20512       3       org.gradle.internal.serialize.OutputStreamBackedEncoder::writeString (28 bytes)
Event: 232.985 Thread 0x00000186008d3000 nmethod 20512 0x0000018668f18290 code [0x0000018668f18480, 0x0000018668f187e8]
Event: 232.985 Thread 0x00000186008d3000 20513       3       java.lang.ProcessEnvironment$CheckedEntry::getKey (5 bytes)
Event: 232.987 Thread 0x00000186008d3000 nmethod 20513 0x0000018668d75b90 code [0x0000018668d75d60, 0x0000018668d76068]
Event: 232.987 Thread 0x00000186008d3000 20514       3       java.lang.ProcessEnvironment$CheckedEntry::getKey (13 bytes)
Event: 232.987 Thread 0x00000186008d3000 nmethod 20514 0x000001866922b210 code [0x000001866922b3e0, 0x000001866922b688]
Event: 232.995 Thread 0x00000186008ce800 20515       4       java.lang.Module::implIsExportedOrOpen (92 bytes)
Event: 232.995 Thread 0x00000186008d3000 20516       3       jdk.internal.reflect.UnsafeQualifiedObjectFieldAccessorImpl::get (17 bytes)
Event: 232.999 Thread 0x00000186008d3000 nmethod 20516 0x000001866922a510 code [0x000001866922a740, 0x000001866922af38]
Event: 232.999 Thread 0x00000186008d3000 20517       1       java.net.InetAddress$InetAddressHolder::getAddress (5 bytes)
Event: 233.000 Thread 0x00000186008d3000 nmethod 20517 0x0000018670364010 code [0x00000186703641c0, 0x0000018670364278]
Event: 233.007 Thread 0x00000186008d3000 20518       3       java.util.Formatter$Conversion::isValid (47 bytes)
Event: 233.007 Thread 0x00000186008d3000 nmethod 20518 0x00000186692de990 code [0x00000186692deb80, 0x00000186692df008]
Event: 233.007 Thread 0x00000186008d3000 20519       3       java.util.Formatter$FormatSpecifier::print (238 bytes)
Event: 233.011 Thread 0x00000186008d3000 nmethod 20519 0x00000186692ddb10 code [0x00000186692ddda0, 0x00000186692de708]
Event: 233.011 Thread 0x00000186008d3000 20520       3       java.util.Formatter$FormatSpecifier::appendJustified (91 bytes)
Event: 233.012 Thread 0x00000186008d3000 nmethod 20520 0x0000018668df1f90 code [0x0000018668df21c0, 0x0000018668df2948]
Event: 233.040 Thread 0x00000186008d3000 20521       3       org.gradle.internal.service.DefaultServiceRegistry$1::addProvider (10 bytes)
Event: 233.042 Thread 0x00000186008d3000 nmethod 20521 0x0000018668df1a10 code [0x0000018668df1be0, 0x0000018668df1e38]

GC Heap History (20 events):
Event: 21.344 GC heap before
{Heap before GC invocations=29 (full 0):
 garbage-first heap   total 260096K, used 240638K [0x0000000080000000, 0x0000000100000000)
  region size 1024K, 65 young (66560K), 4 survivors (4096K)
 Metaspace       used 120017K, capacity 123570K, committed 126464K, reserved 1157120K
  class space    used 15619K, capacity 16966K, committed 18176K, reserved 1048576K
}
Event: 21.349 GC heap after
{Heap after GC invocations=30 (full 0):
 garbage-first heap   total 260096K, used 154315K [0x0000000080000000, 0x0000000100000000)
  region size 1024K, 5 young (5120K), 5 survivors (5120K)
 Metaspace       used 120017K, capacity 123570K, committed 126464K, reserved 1157120K
  class space    used 15619K, capacity 16966K, committed 18176K, reserved 1048576K
}
Event: 21.379 GC heap before
{Heap before GC invocations=30 (full 0):
 garbage-first heap   total 260096K, used 160459K [0x0000000080000000, 0x0000000100000000)
  region size 1024K, 12 young (12288K), 5 survivors (5120K)
 Metaspace       used 120827K, capacity 124339K, committed 126976K, reserved 1159168K
  class space    used 15675K, capacity 17007K, committed 18176K, reserved 1048576K
}
Event: 21.385 GC heap after
{Heap after GC invocations=31 (full 0):
 garbage-first heap   total 260096K, used 152548K [0x0000000080000000, 0x0000000100000000)
  region size 1024K, 1 young (1024K), 1 survivors (1024K)
 Metaspace       used 120827K, capacity 124339K, committed 126976K, reserved 1159168K
  class space    used 15675K, capacity 17007K, committed 18176K, reserved 1048576K
}
Event: 46.605 GC heap before
{Heap before GC invocations=31 (full 0):
 garbage-first heap   total 260096K, used 216036K [0x0000000080000000, 0x0000000100000000)
  region size 1024K, 64 young (65536K), 1 survivors (1024K)
 Metaspace       used 123446K, capacity 127028K, committed 129664K, reserved 1161216K
  class space    used 15836K, capacity 17194K, committed 18304K, reserved 1048576K
}
Event: 46.614 GC heap after
{Heap after GC invocations=32 (full 0):
 garbage-first heap   total 260096K, used 158270K [0x0000000080000000, 0x0000000100000000)
  region size 1024K, 7 young (7168K), 7 survivors (7168K)
 Metaspace       used 123446K, capacity 127028K, committed 129664K, reserved 1161216K
  class space    used 15836K, capacity 17194K, committed 18304K, reserved 1048576K
}
Event: 47.117 GC heap before
{Heap before GC invocations=33 (full 0):
 garbage-first heap   total 260096K, used 211518K [0x0000000080000000, 0x0000000100000000)
  region size 1024K, 64 young (65536K), 7 survivors (7168K)
 Metaspace       used 123317K, capacity 126663K, committed 129664K, reserved 1161216K
  class space    used 15730K, capacity 17006K, committed 18304K, reserved 1048576K
}
Event: 47.125 GC heap after
{Heap after GC invocations=34 (full 0):
 garbage-first heap   total 260096K, used 158382K [0x0000000080000000, 0x0000000100000000)
  region size 1024K, 5 young (5120K), 5 survivors (5120K)
 Metaspace       used 123317K, capacity 126663K, committed 129664K, reserved 1161216K
  class space    used 15730K, capacity 17006K, committed 18304K, reserved 1048576K
}
Event: 47.156 GC heap before
{Heap before GC invocations=34 (full 0):
 garbage-first heap   total 260096K, used 164526K [0x0000000080000000, 0x0000000100000000)
  region size 1024K, 12 young (12288K), 5 survivors (5120K)
 Metaspace       used 123342K, capacity 126728K, committed 129664K, reserved 1161216K
  class space    used 15730K, capacity 17006K, committed 18304K, reserved 1048576K
}
Event: 47.165 GC heap after
{Heap after GC invocations=35 (full 0):
 garbage-first heap   total 260096K, used 139338K [0x0000000080000000, 0x0000000100000000)
  region size 1024K, 1 young (1024K), 1 survivors (1024K)
 Metaspace       used 123342K, capacity 126728K, committed 129664K, reserved 1161216K
  class space    used 15730K, capacity 17006K, committed 18304K, reserved 1048576K
}
Event: 47.240 GC heap before
{Heap before GC invocations=35 (full 0):
 garbage-first heap   total 260096K, used 150602K [0x0000000080000000, 0x0000000100000000)
  region size 1024K, 12 young (12288K), 1 survivors (1024K)
 Metaspace       used 123383K, capacity 126811K, committed 129920K, reserved 1161216K
  class space    used 15732K, capacity 17011K, committed 18304K, reserved 1048576K
}
Event: 47.250 GC heap after
{Heap after GC invocations=36 (full 0):
 garbage-first heap   total 260096K, used 137383K [0x0000000080000000, 0x0000000100000000)
  region size 1024K, 2 young (2048K), 2 survivors (2048K)
 Metaspace       used 123383K, capacity 126811K, committed 129920K, reserved 1161216K
  class space    used 15732K, capacity 17011K, committed 18304K, reserved 1048576K
}
Event: 62.989 GC heap before
{Heap before GC invocations=36 (full 0):
 garbage-first heap   total 260096K, used 214183K [0x0000000080000000, 0x0000000100000000)
  region size 1024K, 78 young (79872K), 2 survivors (2048K)
 Metaspace       used 123880K, capacity 127303K, committed 130176K, reserved 1161216K
  class space    used 15755K, capacity 17048K, committed 18304K, reserved 1048576K
}
Event: 63.002 GC heap after
{Heap after GC invocations=37 (full 0):
 garbage-first heap   total 260096K, used 145647K [0x0000000080000000, 0x0000000100000000)
  region size 1024K, 10 young (10240K), 10 survivors (10240K)
 Metaspace       used 123880K, capacity 127303K, committed 130176K, reserved 1161216K
  class space    used 15755K, capacity 17048K, committed 18304K, reserved 1048576K
}
Event: 198.582 GC heap before
{Heap before GC invocations=38 (full 0):
 garbage-first heap   total 260096K, used 213231K [0x0000000080000000, 0x0000000100000000)
  region size 1024K, 77 young (78848K), 10 survivors (10240K)
 Metaspace       used 124218K, capacity 127812K, committed 130432K, reserved 1161216K
  class space    used 15775K, capacity 17082K, committed 18304K, reserved 1048576K
}
Event: 198.631 GC heap after
{Heap after GC invocations=39 (full 0):
 garbage-first heap   total 260096K, used 141778K [0x0000000080000000, 0x0000000100000000)
  region size 1024K, 4 young (4096K), 4 survivors (4096K)
 Metaspace       used 124218K, capacity 127812K, committed 130432K, reserved 1161216K
  class space    used 15775K, capacity 17082K, committed 18304K, reserved 1048576K
}
Event: 198.756 GC heap before
{Heap before GC invocations=39 (full 0):
 garbage-first heap   total 260096K, used 148946K [0x0000000080000000, 0x0000000100000000)
  region size 1024K, 12 young (12288K), 4 survivors (4096K)
 Metaspace       used 124222K, capacity 127818K, committed 130432K, reserved 1161216K
  class space    used 15775K, capacity 17083K, committed 18304K, reserved 1048576K
}
Event: 198.779 GC heap after
{Heap after GC invocations=40 (full 0):
 garbage-first heap   total 260096K, used 139250K [0x0000000080000000, 0x0000000100000000)
  region size 1024K, 1 young (1024K), 1 survivors (1024K)
 Metaspace       used 124222K, capacity 127818K, committed 130432K, reserved 1161216K
  class space    used 15775K, capacity 17083K, committed 18304K, reserved 1048576K
}
Event: 200.188 GC heap before
{Heap before GC invocations=40 (full 0):
 garbage-first heap   total 260096K, used 215026K [0x0000000080000000, 0x0000000100000000)
  region size 1024K, 76 young (77824K), 1 survivors (1024K)
 Metaspace       used 124553K, capacity 128077K, committed 130688K, reserved 1161216K
  class space    used 15800K, capacity 17129K, committed 18304K, reserved 1048576K
}
Event: 200.252 GC heap after
{Heap after GC invocations=41 (full 0):
 garbage-first heap   total 260096K, used 146924K [0x0000000080000000, 0x0000000100000000)
  region size 1024K, 9 young (9216K), 9 survivors (9216K)
 Metaspace       used 124553K, capacity 128077K, committed 130688K, reserved 1161216K
  class space    used 15800K, capacity 17129K, committed 18304K, reserved 1048576K
}

Deoptimization events (20 events):
Event: 199.338 Thread 0x000001860d087000 DEOPT PACKING pc=0x0000018669e81029 sp=0x0000003c0e3f90e0
Event: 199.339 Thread 0x000001860d087000 DEOPT UNPACKING pc=0x00000186687ba95e sp=0x0000003c0e3f8598 mode 0
Event: 199.433 Thread 0x000001860d087000 DEOPT PACKING pc=0x0000018669f1fc1e sp=0x0000003c0e3f9a40
Event: 199.433 Thread 0x000001860d087000 DEOPT UNPACKING pc=0x00000186687ba95e sp=0x0000003c0e3f8f90 mode 0
Event: 200.635 Thread 0x00000186075bc800 Uncommon trap: trap_request=0xffffffde fr.pc=0x0000018670974ecc relative=0x000000000000380c
Event: 200.635 Thread 0x00000186075bc800 Uncommon trap: reason=class_check action=maybe_recompile pc=0x0000018670974ecc method=org.gradle.internal.snapshot.impl.DefaultValueSnapshotter.processValue(Ljava/lang/Object;Lorg/gradle/internal/snapshot/impl/DefaultValueSnapshotter$ValueVisitor;)Ljava/l
Event: 200.635 Thread 0x00000186075bc800 DEOPT PACKING pc=0x0000018670974ecc sp=0x0000003c191fa850
Event: 200.635 Thread 0x00000186075bc800 DEOPT UNPACKING pc=0x00000186687ba1af sp=0x0000003c191fa860 mode 2
Event: 231.544 Thread 0x0000018600b06000 Uncommon trap: trap_request=0xffffffc6 fr.pc=0x000001867025cfac relative=0x0000000000000acc
Event: 231.546 Thread 0x0000018600b06000 Uncommon trap: reason=bimorphic_or_optimized_type_check action=maybe_recompile pc=0x000001867025cfac method=java.util.HashMap.removeNode(ILjava/lang/Object;Ljava/lang/Object;ZZ)Ljava/util/HashMap$Node; @ 283 c2
Event: 231.548 Thread 0x0000018600b06000 DEOPT PACKING pc=0x000001867025cfac sp=0x0000003c0dcfe4d0
Event: 231.550 Thread 0x0000018600b06000 DEOPT UNPACKING pc=0x00000186687ba1af sp=0x0000003c0dcfe468 mode 2
Event: 231.552 Thread 0x0000018600b06000 Uncommon trap: trap_request=0xffffffc6 fr.pc=0x000001867025cfac relative=0x0000000000000acc
Event: 231.552 Thread 0x0000018600b06000 Uncommon trap: reason=bimorphic_or_optimized_type_check action=maybe_recompile pc=0x000001867025cfac method=java.util.HashMap.removeNode(ILjava/lang/Object;Ljava/lang/Object;ZZ)Ljava/util/HashMap$Node; @ 283 c2
Event: 231.552 Thread 0x0000018600b06000 DEOPT PACKING pc=0x000001867025cfac sp=0x0000003c0dcfe4d0
Event: 231.552 Thread 0x0000018600b06000 DEOPT UNPACKING pc=0x00000186687ba1af sp=0x0000003c0dcfe468 mode 2
Event: 233.065 Thread 0x000001860d087000 Uncommon trap: trap_request=0xffffffde fr.pc=0x00000186709672a8 relative=0x0000000000001628
Event: 233.065 Thread 0x000001860d087000 Uncommon trap: reason=class_check action=maybe_recompile pc=0x00000186709672a8 method=org.gradle.internal.work.DefaultWorkerLeaseService$DefaultWorkerLease.acquireLock()Z @ 4 c2
Event: 233.065 Thread 0x000001860d087000 DEOPT PACKING pc=0x00000186709672a8 sp=0x0000003c0e3fd700
Event: 233.066 Thread 0x000001860d087000 DEOPT UNPACKING pc=0x00000186687ba1af sp=0x0000003c0e3fd648 mode 2

Classes redefined (0 events):
No events

Internal exceptions (20 events):
Event: 62.744 Thread 0x0000018602898800 Exception <a 'sun/nio/fs/WindowsException'{0x000000008cab6d98}> (0x000000008cab6d98) thrown at [./src/hotspot/share/prims/jni.cpp, line 615]
Event: 62.744 Thread 0x0000018602898800 Exception <a 'sun/nio/fs/WindowsException'{0x000000008cab8120}> (0x000000008cab8120) thrown at [./src/hotspot/share/prims/jni.cpp, line 615]
Event: 62.744 Thread 0x0000018602898800 Exception <a 'sun/nio/fs/WindowsException'{0x000000008cab94f8}> (0x000000008cab94f8) thrown at [./src/hotspot/share/prims/jni.cpp, line 615]
Event: 62.744 Thread 0x0000018602898800 Exception <a 'sun/nio/fs/WindowsException'{0x000000008caba8d0}> (0x000000008caba8d0) thrown at [./src/hotspot/share/prims/jni.cpp, line 615]
Event: 62.801 Thread 0x0000018602898800 Exception <a 'sun/nio/fs/WindowsException'{0x000000008c6de670}> (0x000000008c6de670) thrown at [./src/hotspot/share/prims/jni.cpp, line 615]
Event: 63.386 Thread 0x000001860d08a800 Exception <a 'sun/nio/fs/WindowsException'{0x000000008ce50108}> (0x000000008ce50108) thrown at [./src/hotspot/share/prims/jni.cpp, line 615]
Event: 63.388 Thread 0x0000018602898800 Exception <a 'sun/nio/fs/WindowsException'{0x000000008fc99080}> (0x000000008fc99080) thrown at [./src/hotspot/share/prims/jni.cpp, line 615]
Event: 63.388 Thread 0x0000018602898800 Exception <a 'sun/nio/fs/WindowsException'{0x000000008fc99100}> (0x000000008fc99100) thrown at [./src/hotspot/share/prims/jni.cpp, line 615]
Event: 63.388 Thread 0x0000018602898800 Exception <a 'sun/nio/fs/WindowsException'{0x000000008fc9aa88}> (0x000000008fc9aa88) thrown at [./src/hotspot/share/prims/jni.cpp, line 615]
Event: 198.910 Thread 0x000001860d087000 Exception <a 'sun/nio/fs/WindowsException'{0x000000008f76bd60}> (0x000000008f76bd60) thrown at [./src/hotspot/share/prims/jni.cpp, line 615]
Event: 199.301 Thread 0x000001860d087000 Exception <a 'sun/nio/fs/WindowsException'{0x000000008e6529b8}> (0x000000008e6529b8) thrown at [./src/hotspot/share/prims/jni.cpp, line 615]
Event: 199.330 Thread 0x000001860d087000 Exception <a 'sun/nio/fs/WindowsException'{0x000000008e6f6728}> (0x000000008e6f6728) thrown at [./src/hotspot/share/prims/jni.cpp, line 615]
Event: 199.330 Thread 0x000001860d087000 Exception <a 'sun/nio/fs/WindowsException'{0x000000008e6f7ab0}> (0x000000008e6f7ab0) thrown at [./src/hotspot/share/prims/jni.cpp, line 615]
Event: 199.330 Thread 0x000001860d087000 Exception <a 'sun/nio/fs/WindowsException'{0x000000008e6f8e88}> (0x000000008e6f8e88) thrown at [./src/hotspot/share/prims/jni.cpp, line 615]
Event: 199.330 Thread 0x000001860d087000 Exception <a 'sun/nio/fs/WindowsException'{0x000000008e6fa260}> (0x000000008e6fa260) thrown at [./src/hotspot/share/prims/jni.cpp, line 615]
Event: 199.442 Thread 0x000001860d087000 Exception <a 'sun/nio/fs/WindowsException'{0x000000008e1ae048}> (0x000000008e1ae048) thrown at [./src/hotspot/share/prims/jni.cpp, line 615]
Event: 200.720 Thread 0x0000018601c74000 Exception <a 'sun/nio/fs/WindowsException'{0x000000008e78e2d8}> (0x000000008e78e2d8) thrown at [./src/hotspot/share/prims/jni.cpp, line 615]
Event: 200.720 Thread 0x000001860d087000 Exception <a 'sun/nio/fs/WindowsException'{0x000000008fdde620}> (0x000000008fdde620) thrown at [./src/hotspot/share/prims/jni.cpp, line 615]
Event: 200.720 Thread 0x000001860d087000 Exception <a 'sun/nio/fs/WindowsException'{0x000000008fdde6a0}> (0x000000008fdde6a0) thrown at [./src/hotspot/share/prims/jni.cpp, line 615]
Event: 200.720 Thread 0x000001860d087000 Exception <a 'sun/nio/fs/WindowsException'{0x000000008fde0028}> (0x000000008fde0028) thrown at [./src/hotspot/share/prims/jni.cpp, line 615]

Events (20 events):
Event: 200.800 Thread 0x000001860d08d000 Thread exited: 0x000001860d08d000
Event: 200.815 Executing VM operation: RevokeBias
Event: 200.815 Executing VM operation: RevokeBias done
Event: 200.815 Thread 0x000001860d08e800 Thread exited: 0x000001860d08e800
Event: 200.821 Thread 0x000001860d088000 Thread exited: 0x000001860d088000
Event: 200.822 Executing VM operation: RevokeBias
Event: 200.823 Executing VM operation: RevokeBias done
Event: 200.823 Executing VM operation: RevokeBias
Event: 200.823 Executing VM operation: RevokeBias done
Event: 200.823 Thread 0x000001860d08a800 Thread exited: 0x000001860d08a800
Event: 201.210 Executing VM operation: RevokeBias
Event: 201.210 Executing VM operation: RevokeBias done
Event: 201.211 Thread 0x000001860d647000 Thread exited: 0x000001860d647000
Event: 201.536 Thread 0x000001860d096000 Thread exited: 0x000001860d096000
Event: 203.116 Thread 0x000001860d094000 Thread exited: 0x000001860d094000
Event: 232.936 Thread 0x0000018601c74000 Thread added: 0x0000018601c74000
Event: 232.961 Thread 0x0000018601c73800 Thread added: 0x0000018601c73800
Event: 232.997 Thread 0x0000018601c71800 Thread added: 0x0000018601c71800
Event: 233.004 Thread 0x0000018601c70000 Thread added: 0x0000018601c70000
Event: 233.007 Thread 0x0000018601c6f000 Thread added: 0x0000018601c6f000


Dynamic libraries:
0x00007ff6c2a50000 - 0x00007ff6c2a5a000 	C:\Program Files\Android\Android Studio\jre\bin\java.exe
0x00007ffd30e30000 - 0x00007ffd31028000 	C:\Windows\SYSTEM32\ntdll.dll
0x00007ffd30490000 - 0x00007ffd3054d000 	C:\Windows\System32\KERNEL32.DLL
0x00007ffd2e630000 - 0x00007ffd2e8fe000 	C:\Windows\System32\KERNELBASE.dll
0x00007ffd2ec80000 - 0x00007ffd2ed80000 	C:\Windows\System32\ucrtbase.dll
0x00007ffce80f0000 - 0x00007ffce8107000 	C:\Program Files\Android\Android Studio\jre\bin\VCRUNTIME140.dll
0x00007ffce80d0000 - 0x00007ffce80e9000 	C:\Program Files\Android\Android Studio\jre\bin\jli.dll
0x00007ffd306e0000 - 0x00007ffd30880000 	C:\Windows\System32\USER32.dll
0x00007ffd2e950000 - 0x00007ffd2e972000 	C:\Windows\System32\win32u.dll
0x00007ffd1a0d0000 - 0x00007ffd1a36a000 	C:\Windows\WinSxS\amd64_microsoft.windows.common-controls_6595b64144ccf1df_6.0.19041.1110_none_60b5254171f9507e\COMCTL32.dll
0x00007ffd30880000 - 0x00007ffd308aa000 	C:\Windows\System32\GDI32.dll
0x00007ffd2ed80000 - 0x00007ffd2ee8b000 	C:\Windows\System32\gdi32full.dll
0x00007ffd30640000 - 0x00007ffd306de000 	C:\Windows\System32\msvcrt.dll
0x00007ffd2e980000 - 0x00007ffd2ea1d000 	C:\Windows\System32\msvcp_win.dll
0x00007ffd2fd70000 - 0x00007ffd2fda0000 	C:\Windows\System32\IMM32.DLL
0x00007ffce2130000 - 0x00007ffce21cd000 	C:\Program Files\Android\Android Studio\jre\bin\msvcp140.dll
0x00007ffc50ad0000 - 0x00007ffc515b5000 	C:\Program Files\Android\Android Studio\jre\bin\server\jvm.dll
0x00007ffd2fe10000 - 0x00007ffd2febe000 	C:\Windows\System32\ADVAPI32.dll
0x00007ffd2f170000 - 0x00007ffd2f20c000 	C:\Windows\System32\sechost.dll
0x00007ffd2f040000 - 0x00007ffd2f165000 	C:\Windows\System32\RPCRT4.dll
0x00007ffd2fda0000 - 0x00007ffd2fda8000 	C:\Windows\System32\PSAPI.DLL
0x00007ffcb52f0000 - 0x00007ffcb52f9000 	C:\Windows\SYSTEM32\WSOCK32.dll
0x00007ffd18eb0000 - 0x00007ffd18ed7000 	C:\Windows\SYSTEM32\WINMM.dll
0x00007ffd27ac0000 - 0x00007ffd27aca000 	C:\Windows\SYSTEM32\VERSION.dll
0x00007ffd2f320000 - 0x00007ffd2f38b000 	C:\Windows\System32\WS2_32.dll
0x00007ffd2c450000 - 0x00007ffd2c462000 	C:\Windows\SYSTEM32\kernel.appcore.dll
0x00007ffc50ab0000 - 0x00007ffc50ac1000 	C:\Program Files\Android\Android Studio\jre\bin\verify.dll
0x00007ffd0d090000 - 0x00007ffd0d274000 	C:\Windows\SYSTEM32\DBGHELP.DLL
0x00007ffd0cfd0000 - 0x00007ffd0cffc000 	C:\Windows\SYSTEM32\dbgcore.DLL
0x00007ffd2eb80000 - 0x00007ffd2ec02000 	C:\Windows\System32\bcryptPrimitives.dll
0x00007ffc50a20000 - 0x00007ffc50a49000 	C:\Program Files\Android\Android Studio\jre\bin\java.dll
0x00007ffc50a10000 - 0x00007ffc50a1b000 	C:\Program Files\Android\Android Studio\jre\bin\jimage.dll
0x00007ffc509f0000 - 0x00007ffc50a08000 	C:\Program Files\Android\Android Studio\jre\bin\zip.dll
0x00007ffd2f620000 - 0x00007ffd2fd64000 	C:\Windows\System32\SHELL32.dll
0x00007ffd2c650000 - 0x00007ffd2cde4000 	C:\Windows\SYSTEM32\windows.storage.dll
0x00007ffd2fec0000 - 0x00007ffd30214000 	C:\Windows\System32\combase.dll
0x00007ffd2dfb0000 - 0x00007ffd2dfe0000 	C:\Windows\SYSTEM32\Wldp.dll
0x00007ffd2f270000 - 0x00007ffd2f31d000 	C:\Windows\System32\SHCORE.dll
0x00007ffd2f5c0000 - 0x00007ffd2f615000 	C:\Windows\System32\shlwapi.dll
0x00007ffd2e490000 - 0x00007ffd2e4af000 	C:\Windows\SYSTEM32\profapi.dll
0x00007ffc50910000 - 0x00007ffc5092a000 	C:\Program Files\Android\Android Studio\jre\bin\net.dll
0x00007ffd1e670000 - 0x00007ffd1e77a000 	C:\Windows\SYSTEM32\WINHTTP.dll
0x00007ffd2dd10000 - 0x00007ffd2dd7a000 	C:\Windows\system32\mswsock.dll
0x00007ffc508f0000 - 0x00007ffc50904000 	C:\Program Files\Android\Android Studio\jre\bin\nio.dll
0x00007ffd2a000000 - 0x00007ffd2a027000 	C:\Users\Bahadir\.gradle\native\e1d6ef7f7dcc3fd88c89a11ec53ec762bb8ba0a96d01ffa2cd45eb1d1d8dd5c5\windows-amd64\native-platform.dll
0x00007ffce1fe0000 - 0x00007ffce2124000 	C:\Users\Bahadir\.gradle\native\5664cfc778a61ccfe75a443a1ab52a65af34e5dc3c78e0209fed803814484fcb\windows-amd64\native-platform-file-events.dll
0x00007ffc50680000 - 0x00007ffc5068a000 	C:\Program Files\Android\Android Studio\jre\bin\management.dll
0x00007ffc50660000 - 0x00007ffc5066d000 	C:\Program Files\Android\Android Studio\jre\bin\management_ext.dll
0x00007ffd2df00000 - 0x00007ffd2df18000 	C:\Windows\SYSTEM32\CRYPTSP.dll
0x00007ffd2d620000 - 0x00007ffd2d654000 	C:\Windows\system32\rsaenh.dll
0x00007ffd2e550000 - 0x00007ffd2e577000 	C:\Windows\System32\bcrypt.dll
0x00007ffd2e450000 - 0x00007ffd2e47e000 	C:\Windows\SYSTEM32\USERENV.dll
0x00007ffd2df20000 - 0x00007ffd2df2c000 	C:\Windows\SYSTEM32\CRYPTBASE.dll
0x00007ffd2d9b0000 - 0x00007ffd2d9eb000 	C:\Windows\SYSTEM32\IPHLPAPI.DLL
0x00007ffd30550000 - 0x00007ffd30558000 	C:\Windows\System32\NSI.dll
0x00007ffd26280000 - 0x00007ffd26297000 	C:\Windows\SYSTEM32\dhcpcsvc6.DLL
0x00007ffd27480000 - 0x00007ffd2749d000 	C:\Windows\SYSTEM32\dhcpcsvc.DLL
0x00007ffd2d9f0000 - 0x00007ffd2dabb000 	C:\Windows\SYSTEM32\DNSAPI.dll
0x00007ffcf6740000 - 0x00007ffcf675e000 	C:\Users\Bahadir\AppData\Local\Temp\native-platform15564227391795434287dir\native-platform.dll
0x00007ffcf6730000 - 0x00007ffcf6738000 	C:\Program Files\Android\Android Studio\jre\bin\rmi.dll
0x00007ffc4fde0000 - 0x00007ffc4fe07000 	C:\Program Files\Android\Android Studio\jre\bin\sunec.dll

dbghelp: loaded successfully - version: 4.0.5 - missing functions: none
symbol engine: initialized successfully - sym options: 0x614 - pdb path: .;C:\Program Files\Android\Android Studio\jre\bin;C:\Windows\SYSTEM32;C:\Windows\WinSxS\amd64_microsoft.windows.common-controls_6595b64144ccf1df_6.0.19041.1110_none_60b5254171f9507e;C:\Program Files\Android\Android Studio\jre\bin\server;C:\Users\Bahadir\.gradle\native\e1d6ef7f7dcc3fd88c89a11ec53ec762bb8ba0a96d01ffa2cd45eb1d1d8dd5c5\windows-amd64;C:\Users\Bahadir\.gradle\native\5664cfc778a61ccfe75a443a1ab52a65af34e5dc3c78e0209fed803814484fcb\windows-amd64;C:\Users\Bahadir\AppData\Local\Temp\native-platform15564227391795434287dir

VM Arguments:
jvm_args: --add-opens=java.base/java.util=ALL-UNNAMED --add-opens=java.base/java.lang=ALL-UNNAMED --add-opens=java.base/java.lang.invoke=ALL-UNNAMED --add-opens=java.base/java.util=ALL-UNNAMED --add-opens=java.prefs/java.util.prefs=ALL-UNNAMED --add-opens=java.prefs/java.util.prefs=ALL-UNNAMED --add-opens=java.base/java.nio.charset=ALL-UNNAMED --add-opens=java.base/java.net=ALL-UNNAMED --add-opens=java.base/java.util.concurrent.atomic=ALL-UNNAMED -Xmx2048m -Dfile.encoding=UTF-8 -Duser.country=US -Duser.language=en -Duser.variant 
java_command: org.gradle.launcher.daemon.bootstrap.GradleDaemon 7.3.3
java_class_path (initial): C:\Users\Bahadir\.gradle\wrapper\dists\gradle-7.3.3-bin\6a41zxkdtcxs8rphpq6y0069z\gradle-7.3.3\lib\gradle-launcher-7.3.3.jar
Launcher Type: SUN_STANDARD

[Global flags]
     intx CICompilerCount                          = 4                                         {product} {ergonomic}
     uint ConcGCThreads                            = 3                                         {product} {ergonomic}
     uint G1ConcRefinementThreads                  = 10                                        {product} {ergonomic}
   size_t G1HeapRegionSize                         = 1048576                                   {product} {ergonomic}
    uintx GCDrainStackTargetSize                   = 64                                        {product} {ergonomic}
   size_t InitialHeapSize                          = 266338304                                 {product} {ergonomic}
   size_t MarkStackSize                            = 4194304                                   {product} {ergonomic}
   size_t MaxHeapSize                              = 2147483648                                {product} {command line}
   size_t MaxNewSize                               = 1287651328                                {product} {ergonomic}
   size_t MinHeapDeltaBytes                        = 1048576                                   {product} {ergonomic}
    uintx NonNMethodCodeHeapSize                   = 5836300                                {pd product} {ergonomic}
    uintx NonProfiledCodeHeapSize                  = 122910970                              {pd product} {ergonomic}
    uintx ProfiledCodeHeapSize                     = 122910970                              {pd product} {ergonomic}
    uintx ReservedCodeCacheSize                    = 251658240                              {pd product} {ergonomic}
     bool SegmentedCodeCache                       = true                                      {product} {ergonomic}
     bool UseCompressedClassPointers               = true                                 {lp64_product} {ergonomic}
     bool UseCompressedOops                        = true                                 {lp64_product} {ergonomic}
     bool UseG1GC                                  = true                                      {product} {ergonomic}
     bool UseLargePagesIndividualAllocation        = false                                  {pd product} {ergonomic}

Logging:
Log output configuration:
 #0: stdout all=warning uptime,level,tags
 #1: stderr all=off uptime,level,tags

Environment Variables:
PATH=C:\Windows\system32;C:\Windows;C:\Windows\System32\Wbem;C:\Windows\System32\WindowsPowerShell\v1.0\;C:\Windows\System32\OpenSSH\;C:\Program Files\Microsoft SQL Server\150\Tools\Binn\;C:\Program Files\Microsoft SQL Server\Client SDK\ODBC\170\Tools\Binn\;C:\Program Files\dotnet\;C:\Program Files\Git\cmd;C:\Program Files\Microsoft SQL Server\Client SDK\ODBC\110\Tools\Binn\;C:\Program Files (x86)\Microsoft SQL Server\120\Tools\Binn\;C:\Program Files\Microsoft SQL Server\120\Tools\Binn\;C:\Program Files\Microsoft SQL Server\120\DTS\Binn\;C:\Program Files (x86)\Microsoft SQL Server\150\DTS\Binn\;C:\Program Files\Azure Data Studio\bin;C:\Users\Bahadir\AppData\Local\Microsoft\WindowsApps;C:\Users\Bahadir\.dotnet\tools;C:\Program Files\Azure Data Studio\bin
USERNAME=Bahadir
OS=Windows_NT
PROCESSOR_IDENTIFIER=Intel64 Family 6 Model 158 Stepping 10, GenuineIntel



---------------  S Y S T E M  ---------------

OS: Windows 10 , 64 bit Build 19041 (10.0.19041.1806)
OS uptime: 0 days 12:34 hours

CPU:total 12 (initial active 12) (6 cores per cpu, 2 threads per core) family 6 model 158 stepping 10 microcode 0xb4, cmov, cx8, fxsr, mmx, sse, sse2, sse3, ssse3, sse4.1, sse4.2, popcnt, avx, avx2, aes, clmul, erms, 3dnowpref, lzcnt, ht, tsc, tscinvbit, bmi1, bmi2, adx, fma

Memory: 4k page, system-wide physical 16204M (466M free)
TotalPageFile size 65356M (AvailPageFile size 3M)
current process WorkingSet (physical memory assigned to process): 57M, peak: 632M
current process commit charge ("private bytes"): 628M, peak: 676M

vm_info: OpenJDK 64-Bit Server VM (11.0.12+7-b1504.28-7817840) for windows-amd64 JRE (11.0.12+7-b1504.28-7817840), built on Oct 13 2021 22:12:33 by "builder" with MS VC++ 14.0 (VS2015)

END.
